[ 2017-07-28T16:25:24+08:00 ] 0.0.0.0 /think/index.php/Login?code=041oTl7f0D7Pyx1b5E7f0zAG7f0oTl70
INFO: [ route_check ] --START--
INFO: CheckRoute Behavior ::run [ RunTime:0.002949s ]
INFO: [ route_check ] --END-- [ RunTime:0.003275s ]
NOTIC: [8192] preg_replace(): The /e modifier is deprecated, use preg_replace_callback instead C:\wamp64\www\think\think_php\Lib\Core\Dispatcher.class.php 第 132 行.
INFO: [ app_begin ] --START--
INFO: ReadHtmlCache Behavior ::run [ RunTime:0.002704s ]
INFO: [ app_begin ] --END-- [ RunTime:0.003042s ]
NOTIC: [8192] mysql_connect(): The mysql extension is deprecated and will be removed in the future: use mysqli or PDO instead C:\wamp64\www\think\think_php\Extend\Driver\Session\SessionDb.class.php 第 100 行.

[ 2017-07-28T16:27:55+08:00 ] 0.0.0.0 /think/index.php/Login?code=081DhdZ22UWZ401UGjX22dtWY22DhdZH
INFO: [ route_check ] --START--
INFO: CheckRoute Behavior ::run [ RunTime:0.014898s ]
INFO: [ route_check ] --END-- [ RunTime:0.015138s ]
NOTIC: [8192] preg_replace(): The /e modifier is deprecated, use preg_replace_callback instead C:\wamp64\www\think\think_php\Lib\Core\Dispatcher.class.php 第 132 行.
INFO: [ app_begin ] --START--
INFO: ReadHtmlCache Behavior ::run [ RunTime:0.006091s ]
INFO: [ app_begin ] --END-- [ RunTime:0.006331s ]
NOTIC: [8192] mysql_connect(): The mysql extension is deprecated and will be removed in the future: use mysqli or PDO instead C:\wamp64\www\think\think_php\Extend\Driver\Session\SessionDb.class.php 第 100 行.

[ 2017-07-28T16:29:16+08:00 ] 0.0.0.0 /think/index.php/Login?code=071040Ep0EJlKs1Z5wEp0KP6Ep0040Eb
INFO: [ route_check ] --START--
INFO: CheckRoute Behavior ::run [ RunTime:0.002096s ]
INFO: [ route_check ] --END-- [ RunTime:0.002750s ]
NOTIC: [8192] preg_replace(): The /e modifier is deprecated, use preg_replace_callback instead C:\wamp64\www\think\think_php\Lib\Core\Dispatcher.class.php 第 132 行.
INFO: [ app_begin ] --START--
INFO: ReadHtmlCache Behavior ::run [ RunTime:0.003980s ]
INFO: [ app_begin ] --END-- [ RunTime:0.004332s ]
NOTIC: [8192] mysql_connect(): The mysql extension is deprecated and will be removed in the future: use mysqli or PDO instead C:\wamp64\www\think\think_php\Extend\Driver\Session\SessionDb.class.php 第 100 行.

[ 2017-07-28T16:29:45+08:00 ] 0.0.0.0 /think/index.php/Login?code=001VI55M0TFmJ62v1X4M0H2i5M0VI55C
INFO: [ route_check ] --START--
INFO: CheckRoute Behavior ::run [ RunTime:0.002759s ]
INFO: [ route_check ] --END-- [ RunTime:0.003844s ]
NOTIC: [8192] preg_replace(): The /e modifier is deprecated, use preg_replace_callback instead C:\wamp64\www\think\think_php\Lib\Core\Dispatcher.class.php 第 132 行.
INFO: [ app_begin ] --START--
INFO: ReadHtmlCache Behavior ::run [ RunTime:0.003128s ]
INFO: [ app_begin ] --END-- [ RunTime:0.003722s ]
NOTIC: [8192] mysql_connect(): The mysql extension is deprecated and will be removed in the future: use mysqli or PDO instead C:\wamp64\www\think\think_php\Extend\Driver\Session\SessionDb.class.php 第 100 行.

[ 2017-07-28T16:30:11+08:00 ] 0.0.0.0 /think/index.php/Login?code=011zmUma0Bk6et1W3hpa0SK3na0zmUmX
INFO: [ route_check ] --START--
INFO: CheckRoute Behavior ::run [ RunTime:0.001047s ]
INFO: [ route_check ] --END-- [ RunTime:0.001197s ]
NOTIC: [8192] preg_replace(): The /e modifier is deprecated, use preg_replace_callback instead C:\wamp64\www\think\think_php\Lib\Core\Dispatcher.class.php 第 132 行.
INFO: [ app_begin ] --START--
INFO: ReadHtmlCache Behavior ::run [ RunTime:0.001094s ]
INFO: [ app_begin ] --END-- [ RunTime:0.001254s ]
NOTIC: [8192] mysql_connect(): The mysql extension is deprecated and will be removed in the future: use mysqli or PDO instead C:\wamp64\www\think\think_php\Extend\Driver\Session\SessionDb.class.php 第 100 行.

[ 2017-07-28T16:30:47+08:00 ] 0.0.0.0 /think/index.php/Login?code=001PIRq81FydsT13ZLq819XXq81PIRq0
INFO: [ route_check ] --START--
INFO: CheckRoute Behavior ::run [ RunTime:0.002601s ]
INFO: [ route_check ] --END-- [ RunTime:0.002972s ]
NOTIC: [8192] preg_replace(): The /e modifier is deprecated, use preg_replace_callback instead C:\wamp64\www\think\think_php\Lib\Core\Dispatcher.class.php 第 132 行.
INFO: [ app_begin ] --START--
INFO: ReadHtmlCache Behavior ::run [ RunTime:0.003503s ]
INFO: [ app_begin ] --END-- [ RunTime:0.003832s ]
NOTIC: [8192] mysql_connect(): The mysql extension is deprecated and will be removed in the future: use mysqli or PDO instead C:\wamp64\www\think\think_php\Extend\Driver\Session\SessionDb.class.php 第 100 行.

[ 2017-07-28T16:31:03+08:00 ] 0.0.0.0 /think/index.php/Login?code=041kmhkA0kt44i1jxJjA074lkA0kmhkl
INFO: [ route_check ] --START--
INFO: CheckRoute Behavior ::run [ RunTime:0.002018s ]
INFO: [ route_check ] --END-- [ RunTime:0.002538s ]
NOTIC: [8192] preg_replace(): The /e modifier is deprecated, use preg_replace_callback instead C:\wamp64\www\think\think_php\Lib\Core\Dispatcher.class.php 第 132 行.
INFO: [ app_begin ] --START--
INFO: ReadHtmlCache Behavior ::run [ RunTime:0.001395s ]
INFO: [ app_begin ] --END-- [ RunTime:0.001634s ]
NOTIC: [8192] mysql_connect(): The mysql extension is deprecated and will be removed in the future: use mysqli or PDO instead C:\wamp64\www\think\think_php\Extend\Driver\Session\SessionDb.class.php 第 100 行.

[ 2017-07-28T16:31:33+08:00 ] 0.0.0.0 /think/index.php/Login?code=071Dr4W30hWgfE1hMsX30ZiTV30Dr4W9
INFO: [ route_check ] --START--
INFO: CheckRoute Behavior ::run [ RunTime:0.000800s ]
INFO: [ route_check ] --END-- [ RunTime:0.000945s ]
NOTIC: [8192] preg_replace(): The /e modifier is deprecated, use preg_replace_callback instead C:\wamp64\www\think\think_php\Lib\Core\Dispatcher.class.php 第 132 行.
INFO: [ app_begin ] --START--
INFO: ReadHtmlCache Behavior ::run [ RunTime:0.001835s ]
INFO: [ app_begin ] --END-- [ RunTime:0.002419s ]
NOTIC: [8192] mysql_connect(): The mysql extension is deprecated and will be removed in the future: use mysqli or PDO instead C:\wamp64\www\think\think_php\Extend\Driver\Session\SessionDb.class.php 第 100 行.

[ 2017-07-28T16:32:33+08:00 ] 0.0.0.0 /think/index.php/Login?code=031n6C8q0DsT7r1ethbq00Ju8q0n6C8N
INFO: [ route_check ] --START--
INFO: CheckRoute Behavior ::run [ RunTime:0.002251s ]
INFO: [ route_check ] --END-- [ RunTime:0.002667s ]
NOTIC: [8192] preg_replace(): The /e modifier is deprecated, use preg_replace_callback instead C:\wamp64\www\think\think_php\Lib\Core\Dispatcher.class.php 第 132 行.
INFO: [ app_begin ] --START--
INFO: ReadHtmlCache Behavior ::run [ RunTime:0.001085s ]
INFO: [ app_begin ] --END-- [ RunTime:0.001262s ]
NOTIC: [8192] mysql_connect(): The mysql extension is deprecated and will be removed in the future: use mysqli or PDO instead C:\wamp64\www\think\think_php\Extend\Driver\Session\SessionDb.class.php 第 100 行.

[ 2017-07-28T16:32:36+08:00 ] 0.0.0.0 /think/index.php/Login?code=051nwRfq0a5E0r1afidq0vjNfq0nwRfA
INFO: [ route_check ] --START--
INFO: CheckRoute Behavior ::run [ RunTime:0.000931s ]
INFO: [ route_check ] --END-- [ RunTime:0.001089s ]
NOTIC: [8192] preg_replace(): The /e modifier is deprecated, use preg_replace_callback instead C:\wamp64\www\think\think_php\Lib\Core\Dispatcher.class.php 第 132 行.
INFO: [ app_begin ] --START--
INFO: ReadHtmlCache Behavior ::run [ RunTime:0.000678s ]
INFO: [ app_begin ] --END-- [ RunTime:0.000792s ]
NOTIC: [8192] mysql_connect(): The mysql extension is deprecated and will be removed in the future: use mysqli or PDO instead C:\wamp64\www\think\think_php\Extend\Driver\Session\SessionDb.class.php 第 100 行.

[ 2017-07-28T16:36:06+08:00 ] 0.0.0.0 /think/index.php/Login?code=061KEOpA0LovQd2d0FrA0jjNpA0KEOpO
INFO: [ route_check ] --START--
INFO: CheckRoute Behavior ::run [ RunTime:0.005238s ]
INFO: [ route_check ] --END-- [ RunTime:0.005671s ]
NOTIC: [8192] preg_replace(): The /e modifier is deprecated, use preg_replace_callback instead C:\wamp64\www\think\think_php\Lib\Core\Dispatcher.class.php 第 132 行.
INFO: [ app_begin ] --START--
INFO: ReadHtmlCache Behavior ::run [ RunTime:0.002709s ]
INFO: [ app_begin ] --END-- [ RunTime:0.003160s ]
NOTIC: [8192] mysql_connect(): The mysql extension is deprecated and will be removed in the future: use mysqli or PDO instead C:\wamp64\www\think\think_php\Extend\Driver\Session\SessionDb.class.php 第 100 行.

[ 2017-07-28T16:36:45+08:00 ] 0.0.0.0 /think/index.php/Login?code=051CHezY0qDgMY1F78AY0gZvzY0CHezS
INFO: [ route_check ] --START--
INFO: CheckRoute Behavior ::run [ RunTime:0.001367s ]
INFO: [ route_check ] --END-- [ RunTime:0.001712s ]
NOTIC: [8192] preg_replace(): The /e modifier is deprecated, use preg_replace_callback instead C:\wamp64\www\think\think_php\Lib\Core\Dispatcher.class.php 第 132 行.
INFO: [ app_begin ] --START--
INFO: ReadHtmlCache Behavior ::run [ RunTime:0.000924s ]
INFO: [ app_begin ] --END-- [ RunTime:0.001099s ]
NOTIC: [8192] mysql_connect(): The mysql extension is deprecated and will be removed in the future: use mysqli or PDO instead C:\wamp64\www\think\think_php\Extend\Driver\Session\SessionDb.class.php 第 100 行.

[ 2017-07-28T16:36:49+08:00 ] 0.0.0.0 /think/index.php/Login?code=051yMLHG0eskOh2wLfHG0WzJHG0yMLHU
INFO: [ route_check ] --START--
INFO: CheckRoute Behavior ::run [ RunTime:0.001544s ]
INFO: [ route_check ] --END-- [ RunTime:0.001816s ]
NOTIC: [8192] preg_replace(): The /e modifier is deprecated, use preg_replace_callback instead C:\wamp64\www\think\think_php\Lib\Core\Dispatcher.class.php 第 132 行.
INFO: [ app_begin ] --START--
INFO: ReadHtmlCache Behavior ::run [ RunTime:0.001077s ]
INFO: [ app_begin ] --END-- [ RunTime:0.001240s ]
NOTIC: [8192] mysql_connect(): The mysql extension is deprecated and will be removed in the future: use mysqli or PDO instead C:\wamp64\www\think\think_php\Extend\Driver\Session\SessionDb.class.php 第 100 行.

[ 2017-07-28T16:37:25+08:00 ] 0.0.0.0 /think/index.php/Login?code=061zwRMg1jOvVv0BabMg13F3Ng1zwRMM
INFO: [ route_check ] --START--
INFO: CheckRoute Behavior ::run [ RunTime:0.001084s ]
INFO: [ route_check ] --END-- [ RunTime:0.001304s ]
NOTIC: [8192] preg_replace(): The /e modifier is deprecated, use preg_replace_callback instead C:\wamp64\www\think\think_php\Lib\Core\Dispatcher.class.php 第 132 行.
INFO: [ app_begin ] --START--
INFO: ReadHtmlCache Behavior ::run [ RunTime:0.002719s ]
INFO: [ app_begin ] --END-- [ RunTime:0.003030s ]
NOTIC: [8192] mysql_connect(): The mysql extension is deprecated and will be removed in the future: use mysqli or PDO instead C:\wamp64\www\think\think_php\Extend\Driver\Session\SessionDb.class.php 第 100 行.

[ 2017-07-28T16:40:15+08:00 ] 0.0.0.0 /think/index.php/Login?code=0012meSd2t9iqA03c3Pd225jSd22meSv
INFO: [ route_check ] --START--
INFO: CheckRoute Behavior ::run [ RunTime:0.004402s ]
INFO: [ route_check ] --END-- [ RunTime:0.005406s ]
NOTIC: [8192] preg_replace(): The /e modifier is deprecated, use preg_replace_callback instead C:\wamp64\www\think\think_php\Lib\Core\Dispatcher.class.php 第 132 行.
INFO: [ app_begin ] --START--
INFO: ReadHtmlCache Behavior ::run [ RunTime:0.000796s ]
INFO: [ app_begin ] --END-- [ RunTime:0.000930s ]
NOTIC: [8192] mysql_connect(): The mysql extension is deprecated and will be removed in the future: use mysqli or PDO instead C:\wamp64\www\think\think_php\Extend\Driver\Session\SessionDb.class.php 第 100 行.

[ 2017-07-28T16:50:39+08:00 ] 0.0.0.0 /think/index.php/Login?code=031HNYKq0KbJBr1s60Oq0tz2Lq0HNYKq
INFO: [ route_check ] --START--
INFO: CheckRoute Behavior ::run [ RunTime:0.007956s ]
INFO: [ route_check ] --END-- [ RunTime:0.008244s ]
NOTIC: [8192] preg_replace(): The /e modifier is deprecated, use preg_replace_callback instead C:\wamp64\www\think\think_php\Lib\Core\Dispatcher.class.php 第 132 行.
INFO: [ app_begin ] --START--
INFO: ReadHtmlCache Behavior ::run [ RunTime:0.006735s ]
INFO: [ app_begin ] --END-- [ RunTime:0.006969s ]
NOTIC: [8192] mysql_connect(): The mysql extension is deprecated and will be removed in the future: use mysqli or PDO instead C:\wamp64\www\think\think_php\Extend\Driver\Session\SessionDb.class.php 第 100 行.

[ 2017-07-28T16:51:40+08:00 ] 0.0.0.0 /think/index.php/Login?code=0018w9aL0JZ7f42TwgaL015U9L08w9aY
INFO: [ route_check ] --START--
INFO: CheckRoute Behavior ::run [ RunTime:0.001113s ]
INFO: [ route_check ] --END-- [ RunTime:0.001362s ]
NOTIC: [8192] preg_replace(): The /e modifier is deprecated, use preg_replace_callback instead C:\wamp64\www\think\think_php\Lib\Core\Dispatcher.class.php 第 132 行.
INFO: [ app_begin ] --START--
INFO: ReadHtmlCache Behavior ::run [ RunTime:0.001077s ]
INFO: [ app_begin ] --END-- [ RunTime:0.001289s ]
NOTIC: [8192] mysql_connect(): The mysql extension is deprecated and will be removed in the future: use mysqli or PDO instead C:\wamp64\www\think\think_php\Extend\Driver\Session\SessionDb.class.php 第 100 行.

[ 2017-07-28T16:52:51+08:00 ] 0.0.0.0 /think/index.php/Login?code=0017BePO1DgS041gcXNO1I45PO17BePU
INFO: [ route_check ] --START--
INFO: CheckRoute Behavior ::run [ RunTime:0.000917s ]
INFO: [ route_check ] --END-- [ RunTime:0.001062s ]
NOTIC: [8192] preg_replace(): The /e modifier is deprecated, use preg_replace_callback instead C:\wamp64\www\think\think_php\Lib\Core\Dispatcher.class.php 第 132 行.
INFO: [ app_begin ] --START--
INFO: ReadHtmlCache Behavior ::run [ RunTime:0.000838s ]
INFO: [ app_begin ] --END-- [ RunTime:0.000982s ]
NOTIC: [8192] mysql_connect(): The mysql extension is deprecated and will be removed in the future: use mysqli or PDO instead C:\wamp64\www\think\think_php\Extend\Driver\Session\SessionDb.class.php 第 100 行.

[ 2017-07-28T16:53:05+08:00 ] 0.0.0.0 /think/index.php/Login?code=081NAVtz0UFPJh1Qqdxz0rfUtz0NAVtx
INFO: [ route_check ] --START--
INFO: CheckRoute Behavior ::run [ RunTime:0.000745s ]
INFO: [ route_check ] --END-- [ RunTime:0.000886s ]
NOTIC: [8192] preg_replace(): The /e modifier is deprecated, use preg_replace_callback instead C:\wamp64\www\think\think_php\Lib\Core\Dispatcher.class.php 第 132 行.
INFO: [ app_begin ] --START--
INFO: ReadHtmlCache Behavior ::run [ RunTime:0.000654s ]
INFO: [ app_begin ] --END-- [ RunTime:0.000764s ]
NOTIC: [8192] mysql_connect(): The mysql extension is deprecated and will be removed in the future: use mysqli or PDO instead C:\wamp64\www\think\think_php\Extend\Driver\Session\SessionDb.class.php 第 100 行.

[ 2017-07-28T16:53:29+08:00 ] 0.0.0.0 /think/index.php/Login?code=0619eyGx0rBz8g1oURDx0pKjGx09eyGH
INFO: [ route_check ] --START--
INFO: CheckRoute Behavior ::run [ RunTime:0.001086s ]
INFO: [ route_check ] --END-- [ RunTime:0.001353s ]
NOTIC: [8192] preg_replace(): The /e modifier is deprecated, use preg_replace_callback instead C:\wamp64\www\think\think_php\Lib\Core\Dispatcher.class.php 第 132 行.
INFO: [ app_begin ] --START--
INFO: ReadHtmlCache Behavior ::run [ RunTime:0.000733s ]
INFO: [ app_begin ] --END-- [ RunTime:0.000845s ]
NOTIC: [8192] mysql_connect(): The mysql extension is deprecated and will be removed in the future: use mysqli or PDO instead C:\wamp64\www\think\think_php\Extend\Driver\Session\SessionDb.class.php 第 100 行.

[ 2017-07-28T16:54:06+08:00 ] 0.0.0.0 /think/index.php/Login?code=001T0NhV07kkyX1wGVkV0s4UhV0T0Nhg
INFO: [ route_check ] --START--
INFO: CheckRoute Behavior ::run [ RunTime:0.004132s ]
INFO: [ route_check ] --END-- [ RunTime:0.004415s ]
NOTIC: [8192] preg_replace(): The /e modifier is deprecated, use preg_replace_callback instead C:\wamp64\www\think\think_php\Lib\Core\Dispatcher.class.php 第 132 行.
INFO: [ app_begin ] --START--
INFO: ReadHtmlCache Behavior ::run [ RunTime:0.005398s ]
INFO: [ app_begin ] --END-- [ RunTime:0.006371s ]
NOTIC: [8192] mysql_connect(): The mysql extension is deprecated and will be removed in the future: use mysqli or PDO instead C:\wamp64\www\think\think_php\Extend\Driver\Session\SessionDb.class.php 第 100 行.

[ 2017-07-28T16:54:12+08:00 ] 0.0.0.0 /think/index.php/Login?code=031YGGYa28vk3S0zwX1b2sSpYa2YGGYu
INFO: [ route_check ] --START--
INFO: CheckRoute Behavior ::run [ RunTime:0.000761s ]
INFO: [ route_check ] --END-- [ RunTime:0.000893s ]
NOTIC: [8192] preg_replace(): The /e modifier is deprecated, use preg_replace_callback instead C:\wamp64\www\think\think_php\Lib\Core\Dispatcher.class.php 第 132 行.
INFO: [ app_begin ] --START--
INFO: ReadHtmlCache Behavior ::run [ RunTime:0.000664s ]
INFO: [ app_begin ] --END-- [ RunTime:0.000823s ]
NOTIC: [8192] mysql_connect(): The mysql extension is deprecated and will be removed in the future: use mysqli or PDO instead C:\wamp64\www\think\think_php\Extend\Driver\Session\SessionDb.class.php 第 100 行.

[ 2017-07-28T16:56:37+08:00 ] 0.0.0.0 /think/index.php/Login?code=051XvIWO1PpcR31v2iXO1khSWO1XvIWJ
INFO: [ route_check ] --START--
INFO: CheckRoute Behavior ::run [ RunTime:0.005165s ]
INFO: [ route_check ] --END-- [ RunTime:0.005457s ]
NOTIC: [8192] preg_replace(): The /e modifier is deprecated, use preg_replace_callback instead C:\wamp64\www\think\think_php\Lib\Core\Dispatcher.class.php 第 132 行.
INFO: [ app_begin ] --START--
INFO: ReadHtmlCache Behavior ::run [ RunTime:0.001145s ]
INFO: [ app_begin ] --END-- [ RunTime:0.001352s ]
NOTIC: [8192] mysql_connect(): The mysql extension is deprecated and will be removed in the future: use mysqli or PDO instead C:\wamp64\www\think\think_php\Extend\Driver\Session\SessionDb.class.php 第 100 行.

[ 2017-07-28T16:57:04+08:00 ] 0.0.0.0 /think/index.php/Login?code=0319PB361WnfTN1qay561iAo3619PB3D
INFO: [ route_check ] --START--
INFO: CheckRoute Behavior ::run [ RunTime:0.002089s ]
INFO: [ route_check ] --END-- [ RunTime:0.002454s ]
NOTIC: [8192] preg_replace(): The /e modifier is deprecated, use preg_replace_callback instead C:\wamp64\www\think\think_php\Lib\Core\Dispatcher.class.php 第 132 行.
INFO: [ app_begin ] --START--
INFO: ReadHtmlCache Behavior ::run [ RunTime:0.001484s ]
INFO: [ app_begin ] --END-- [ RunTime:0.001805s ]
NOTIC: [8192] mysql_connect(): The mysql extension is deprecated and will be removed in the future: use mysqli or PDO instead C:\wamp64\www\think\think_php\Extend\Driver\Session\SessionDb.class.php 第 100 行.

[ 2017-07-28T17:00:50+08:00 ] 0.0.0.0 /think/index.php/Login?code=081NP0hg0j2vZA1u2wjg0Kz4hg0NP0hr
INFO: [ route_check ] --START--
INFO: CheckRoute Behavior ::run [ RunTime:0.001824s ]
INFO: [ route_check ] --END-- [ RunTime:0.002098s ]
NOTIC: [8192] preg_replace(): The /e modifier is deprecated, use preg_replace_callback instead C:\wamp64\www\think\think_php\Lib\Core\Dispatcher.class.php 第 132 行.
INFO: [ app_begin ] --START--
INFO: ReadHtmlCache Behavior ::run [ RunTime:0.001709s ]
INFO: [ app_begin ] --END-- [ RunTime:0.001949s ]
NOTIC: [8192] mysql_connect(): The mysql extension is deprecated and will be removed in the future: use mysqli or PDO instead C:\wamp64\www\think\think_php\Extend\Driver\Session\SessionDb.class.php 第 100 行.

[ 2017-07-28T17:01:27+08:00 ] 0.0.0.0 /think/index.php/Login?code=011YBSWb2K3N6R007OXb23j6Xb2YBSW8
INFO: [ route_check ] --START--
INFO: CheckRoute Behavior ::run [ RunTime:0.001540s ]
INFO: [ route_check ] --END-- [ RunTime:0.001837s ]
NOTIC: [8192] preg_replace(): The /e modifier is deprecated, use preg_replace_callback instead C:\wamp64\www\think\think_php\Lib\Core\Dispatcher.class.php 第 132 行.
INFO: [ app_begin ] --START--
INFO: ReadHtmlCache Behavior ::run [ RunTime:0.006075s ]
INFO: [ app_begin ] --END-- [ RunTime:0.006350s ]
NOTIC: [8192] mysql_connect(): The mysql extension is deprecated and will be removed in the future: use mysqli or PDO instead C:\wamp64\www\think\think_php\Extend\Driver\Session\SessionDb.class.php 第 100 行.

[ 2017-07-28T17:03:27+08:00 ] 0.0.0.0 /think/index.php/Login?code=051qkaSm12tPom0EV1Tm1YBrSm1qkaSJ
INFO: [ route_check ] --START--
INFO: CheckRoute Behavior ::run [ RunTime:0.001938s ]
INFO: [ route_check ] --END-- [ RunTime:0.002221s ]
NOTIC: [8192] preg_replace(): The /e modifier is deprecated, use preg_replace_callback instead C:\wamp64\www\think\think_php\Lib\Core\Dispatcher.class.php 第 132 行.
INFO: [ app_begin ] --START--
INFO: ReadHtmlCache Behavior ::run [ RunTime:0.001370s ]
INFO: [ app_begin ] --END-- [ RunTime:0.001625s ]
NOTIC: [8192] mysql_connect(): The mysql extension is deprecated and will be removed in the future: use mysqli or PDO instead C:\wamp64\www\think\think_php\Extend\Driver\Session\SessionDb.class.php 第 100 行.

[ 2017-07-28T17:03:47+08:00 ] 0.0.0.0 /think/index.php/Login?code=061sMQhp0y8FYr1yX2kp0KtLhp0sMQhE
INFO: [ route_check ] --START--
INFO: CheckRoute Behavior ::run [ RunTime:0.002757s ]
INFO: [ route_check ] --END-- [ RunTime:0.003185s ]
NOTIC: [8192] preg_replace(): The /e modifier is deprecated, use preg_replace_callback instead C:\wamp64\www\think\think_php\Lib\Core\Dispatcher.class.php 第 132 行.
INFO: [ app_begin ] --START--
INFO: ReadHtmlCache Behavior ::run [ RunTime:0.008532s ]
INFO: [ app_begin ] --END-- [ RunTime:0.009647s ]
NOTIC: [8192] mysql_connect(): The mysql extension is deprecated and will be removed in the future: use mysqli or PDO instead C:\wamp64\www\think\think_php\Extend\Driver\Session\SessionDb.class.php 第 100 行.

[ 2017-07-28T17:04:19+08:00 ] 0.0.0.0 /think/index.php/Login?code=051YZciL1SF7Y21HZwkL1TqviL1YZcia
INFO: [ route_check ] --START--
INFO: CheckRoute Behavior ::run [ RunTime:0.000718s ]
INFO: [ route_check ] --END-- [ RunTime:0.000887s ]
NOTIC: [8192] preg_replace(): The /e modifier is deprecated, use preg_replace_callback instead C:\wamp64\www\think\think_php\Lib\Core\Dispatcher.class.php 第 132 行.
INFO: [ app_begin ] --START--
INFO: ReadHtmlCache Behavior ::run [ RunTime:0.000809s ]
INFO: [ app_begin ] --END-- [ RunTime:0.000962s ]
NOTIC: [8192] mysql_connect(): The mysql extension is deprecated and will be removed in the future: use mysqli or PDO instead C:\wamp64\www\think\think_php\Extend\Driver\Session\SessionDb.class.php 第 100 行.

[ 2017-07-28T17:04:51+08:00 ] 0.0.0.0 /think/index.php/Login?code=06116viY06Fx3Z16a2hY0rkqiY016viz
INFO: [ route_check ] --START--
INFO: CheckRoute Behavior ::run [ RunTime:0.000836s ]
INFO: [ route_check ] --END-- [ RunTime:0.001004s ]
NOTIC: [8192] preg_replace(): The /e modifier is deprecated, use preg_replace_callback instead C:\wamp64\www\think\think_php\Lib\Core\Dispatcher.class.php 第 132 行.
INFO: [ app_begin ] --START--
INFO: ReadHtmlCache Behavior ::run [ RunTime:0.001022s ]
INFO: [ app_begin ] --END-- [ RunTime:0.001230s ]
NOTIC: [8192] mysql_connect(): The mysql extension is deprecated and will be removed in the future: use mysqli or PDO instead C:\wamp64\www\think\think_php\Extend\Driver\Session\SessionDb.class.php 第 100 行.

[ 2017-07-28T17:04:54+08:00 ] 0.0.0.0 /think/index.php/Login?code=001a4DYR15pcX91HPnYR1S8yYR1a4DYx
INFO: [ route_check ] --START--
INFO: CheckRoute Behavior ::run [ RunTime:0.001530s ]
INFO: [ route_check ] --END-- [ RunTime:0.001875s ]
NOTIC: [8192] preg_replace(): The /e modifier is deprecated, use preg_replace_callback instead C:\wamp64\www\think\think_php\Lib\Core\Dispatcher.class.php 第 132 行.
INFO: [ app_begin ] --START--
INFO: ReadHtmlCache Behavior ::run [ RunTime:0.001110s ]
INFO: [ app_begin ] --END-- [ RunTime:0.001311s ]
NOTIC: [8192] mysql_connect(): The mysql extension is deprecated and will be removed in the future: use mysqli or PDO instead C:\wamp64\www\think\think_php\Extend\Driver\Session\SessionDb.class.php 第 100 行.

[ 2017-07-28T17:05:26+08:00 ] 0.0.0.0 /think/index.php/Login?code=061ijEd82rto8P0qUQd8261Kd82ijEda
INFO: [ route_check ] --START--
INFO: CheckRoute Behavior ::run [ RunTime:0.001952s ]
INFO: [ route_check ] --END-- [ RunTime:0.002310s ]
NOTIC: [8192] preg_replace(): The /e modifier is deprecated, use preg_replace_callback instead C:\wamp64\www\think\think_php\Lib\Core\Dispatcher.class.php 第 132 行.
INFO: [ app_begin ] --START--
INFO: ReadHtmlCache Behavior ::run [ RunTime:0.001209s ]
INFO: [ app_begin ] --END-- [ RunTime:0.001438s ]
NOTIC: [8192] mysql_connect(): The mysql extension is deprecated and will be removed in the future: use mysqli or PDO instead C:\wamp64\www\think\think_php\Extend\Driver\Session\SessionDb.class.php 第 100 行.

[ 2017-07-28T17:06:55+08:00 ] 0.0.0.0 /think/index.php/Login?code=031UyjVq0IP2tr1YBDVq0eBhVq0UyjVM
INFO: [ route_check ] --START--
INFO: CheckRoute Behavior ::run [ RunTime:0.004057s ]
INFO: [ route_check ] --END-- [ RunTime:0.004394s ]
NOTIC: [8192] preg_replace(): The /e modifier is deprecated, use preg_replace_callback instead C:\wamp64\www\think\think_php\Lib\Core\Dispatcher.class.php 第 132 行.
INFO: [ app_begin ] --START--
INFO: ReadHtmlCache Behavior ::run [ RunTime:0.001850s ]
INFO: [ app_begin ] --END-- [ RunTime:0.002130s ]
NOTIC: [8192] mysql_connect(): The mysql extension is deprecated and will be removed in the future: use mysqli or PDO instead C:\wamp64\www\think\think_php\Extend\Driver\Session\SessionDb.class.php 第 100 行.

[ 2017-07-28T17:06:58+08:00 ] 0.0.0.0 /think/index.php/Login?code=011b5mgc1ThFkr00q3gc19KFgc1b5mgt
INFO: [ route_check ] --START--
INFO: CheckRoute Behavior ::run [ RunTime:0.001725s ]
INFO: [ route_check ] --END-- [ RunTime:0.002009s ]
NOTIC: [8192] preg_replace(): The /e modifier is deprecated, use preg_replace_callback instead C:\wamp64\www\think\think_php\Lib\Core\Dispatcher.class.php 第 132 行.
INFO: [ app_begin ] --START--
INFO: ReadHtmlCache Behavior ::run [ RunTime:0.001419s ]
INFO: [ app_begin ] --END-- [ RunTime:0.001750s ]
NOTIC: [8192] mysql_connect(): The mysql extension is deprecated and will be removed in the future: use mysqli or PDO instead C:\wamp64\www\think\think_php\Extend\Driver\Session\SessionDb.class.php 第 100 行.

[ 2017-07-28T17:07:33+08:00 ] 0.0.0.0 /think/index.php/Login?code=081OUYfh2gT36G0GH8eh2tibgh2OUYfm
INFO: [ route_check ] --START--
INFO: CheckRoute Behavior ::run [ RunTime:0.001969s ]
INFO: [ route_check ] --END-- [ RunTime:0.002346s ]
NOTIC: [8192] preg_replace(): The /e modifier is deprecated, use preg_replace_callback instead C:\wamp64\www\think\think_php\Lib\Core\Dispatcher.class.php 第 132 行.
INFO: [ app_begin ] --START--
INFO: ReadHtmlCache Behavior ::run [ RunTime:0.002077s ]
INFO: [ app_begin ] --END-- [ RunTime:0.002471s ]
NOTIC: [8192] mysql_connect(): The mysql extension is deprecated and will be removed in the future: use mysqli or PDO instead C:\wamp64\www\think\think_php\Extend\Driver\Session\SessionDb.class.php 第 100 行.

[ 2017-07-28T17:07:37+08:00 ] 0.0.0.0 /think/index.php/Login?code=031X5uCB1XpqMg0uryCB1WfoCB1X5uCK
INFO: [ route_check ] --START--
INFO: CheckRoute Behavior ::run [ RunTime:0.001278s ]
INFO: [ route_check ] --END-- [ RunTime:0.001473s ]
NOTIC: [8192] preg_replace(): The /e modifier is deprecated, use preg_replace_callback instead C:\wamp64\www\think\think_php\Lib\Core\Dispatcher.class.php 第 132 行.
INFO: [ app_begin ] --START--
INFO: ReadHtmlCache Behavior ::run [ RunTime:0.000985s ]
INFO: [ app_begin ] --END-- [ RunTime:0.001199s ]
NOTIC: [8192] mysql_connect(): The mysql extension is deprecated and will be removed in the future: use mysqli or PDO instead C:\wamp64\www\think\think_php\Extend\Driver\Session\SessionDb.class.php 第 100 行.

[ 2017-07-28T17:11:08+08:00 ] 0.0.0.0 /think/index.php/Login?code=0014ziHQ0jnkcb2F4OGQ0T5XGQ04ziHN
INFO: [ route_check ] --START--
INFO: CheckRoute Behavior ::run [ RunTime:0.002349s ]
INFO: [ route_check ] --END-- [ RunTime:0.002936s ]
NOTIC: [8192] preg_replace(): The /e modifier is deprecated, use preg_replace_callback instead C:\wamp64\www\think\think_php\Lib\Core\Dispatcher.class.php 第 132 行.
INFO: [ app_begin ] --START--
INFO: ReadHtmlCache Behavior ::run [ RunTime:0.001919s ]
INFO: [ app_begin ] --END-- [ RunTime:0.002370s ]
NOTIC: [8192] mysql_connect(): The mysql extension is deprecated and will be removed in the future: use mysqli or PDO instead C:\wamp64\www\think\think_php\Extend\Driver\Session\SessionDb.class.php 第 100 行.

[ 2017-07-28T17:11:11+08:00 ] 0.0.0.0 /think/index.php/Login?code=031L9baR0IciRb2ZoAdR0RbtaR0L9baa
INFO: [ route_check ] --START--
INFO: CheckRoute Behavior ::run [ RunTime:0.001074s ]
INFO: [ route_check ] --END-- [ RunTime:0.001285s ]
NOTIC: [8192] preg_replace(): The /e modifier is deprecated, use preg_replace_callback instead C:\wamp64\www\think\think_php\Lib\Core\Dispatcher.class.php 第 132 行.
INFO: [ app_begin ] --START--
INFO: ReadHtmlCache Behavior ::run [ RunTime:0.000959s ]
INFO: [ app_begin ] --END-- [ RunTime:0.001156s ]
NOTIC: [8192] mysql_connect(): The mysql extension is deprecated and will be removed in the future: use mysqli or PDO instead C:\wamp64\www\think\think_php\Extend\Driver\Session\SessionDb.class.php 第 100 行.

[ 2017-07-28T17:18:13+08:00 ] 0.0.0.0 /think/index.php/Login?code=071Z6qxb1fFCet07lqzb14Doxb1Z6qxw
INFO: [ route_check ] --START--
INFO: CheckRoute Behavior ::run [ RunTime:0.002429s ]
INFO: [ route_check ] --END-- [ RunTime:0.002829s ]
NOTIC: [8192] preg_replace(): The /e modifier is deprecated, use preg_replace_callback instead C:\wamp64\www\think\think_php\Lib\Core\Dispatcher.class.php 第 132 行.
INFO: [ app_begin ] --START--
INFO: ReadHtmlCache Behavior ::run [ RunTime:0.005900s ]
INFO: [ app_begin ] --END-- [ RunTime:0.006451s ]
NOTIC: [8192] mysql_connect(): The mysql extension is deprecated and will be removed in the future: use mysqli or PDO instead C:\wamp64\www\think\think_php\Extend\Driver\Session\SessionDb.class.php 第 100 行.

[ 2017-07-28T17:19:55+08:00 ] 0.0.0.0 /think/index.php/Login?code=0816x6dP13lLL41O9teP1qbPcP16x6dz
INFO: [ route_check ] --START--
INFO: CheckRoute Behavior ::run [ RunTime:0.001364s ]
INFO: [ route_check ] --END-- [ RunTime:0.001601s ]
NOTIC: [8192] preg_replace(): The /e modifier is deprecated, use preg_replace_callback instead C:\wamp64\www\think\think_php\Lib\Core\Dispatcher.class.php 第 132 行.
INFO: [ app_begin ] --START--
INFO: ReadHtmlCache Behavior ::run [ RunTime:0.001208s ]
INFO: [ app_begin ] --END-- [ RunTime:0.001446s ]
NOTIC: [8192] mysql_connect(): The mysql extension is deprecated and will be removed in the future: use mysqli or PDO instead C:\wamp64\www\think\think_php\Extend\Driver\Session\SessionDb.class.php 第 100 行.

[ 2017-07-28T17:22:29+08:00 ] 0.0.0.0 /think/index.php/Login?code=0716Dub22cM4IZ0vtpd22Fipb226DubA
INFO: [ route_check ] --START--
INFO: CheckRoute Behavior ::run [ RunTime:0.001545s ]
INFO: [ route_check ] --END-- [ RunTime:0.001760s ]
NOTIC: [8192] preg_replace(): The /e modifier is deprecated, use preg_replace_callback instead C:\wamp64\www\think\think_php\Lib\Core\Dispatcher.class.php 第 132 行.
INFO: [ app_begin ] --START--
INFO: ReadHtmlCache Behavior ::run [ RunTime:0.001255s ]
INFO: [ app_begin ] --END-- [ RunTime:0.001427s ]
NOTIC: [8192] mysql_connect(): The mysql extension is deprecated and will be removed in the future: use mysqli or PDO instead C:\wamp64\www\think\think_php\Extend\Driver\Session\SessionDb.class.php 第 100 行.

[ 2017-07-28T17:22:37+08:00 ] 0.0.0.0 /think/index.php/Login?code=071Z2s3d2zTUnC0ToQ2d2iJn3d2Z2s3l
INFO: [ route_check ] --START--
INFO: CheckRoute Behavior ::run [ RunTime:0.003731s ]
INFO: [ route_check ] --END-- [ RunTime:0.004203s ]
NOTIC: [8192] preg_replace(): The /e modifier is deprecated, use preg_replace_callback instead C:\wamp64\www\think\think_php\Lib\Core\Dispatcher.class.php 第 132 行.
INFO: [ app_begin ] --START--
INFO: ReadHtmlCache Behavior ::run [ RunTime:0.001663s ]
INFO: [ app_begin ] --END-- [ RunTime:0.001915s ]
NOTIC: [8192] mysql_connect(): The mysql extension is deprecated and will be removed in the future: use mysqli or PDO instead C:\wamp64\www\think\think_php\Extend\Driver\Session\SessionDb.class.php 第 100 行.

[ 2017-07-28T17:22:41+08:00 ] 0.0.0.0 /think/index.php/Login?code=071Vuhqi1jp8Yz0sH4ri1TNwqi1VuhqN
INFO: [ route_check ] --START--
INFO: CheckRoute Behavior ::run [ RunTime:0.002025s ]
INFO: [ route_check ] --END-- [ RunTime:0.002398s ]
NOTIC: [8192] preg_replace(): The /e modifier is deprecated, use preg_replace_callback instead C:\wamp64\www\think\think_php\Lib\Core\Dispatcher.class.php 第 132 行.
INFO: [ app_begin ] --START--
INFO: ReadHtmlCache Behavior ::run [ RunTime:0.001512s ]
INFO: [ app_begin ] --END-- [ RunTime:0.001812s ]
NOTIC: [8192] mysql_connect(): The mysql extension is deprecated and will be removed in the future: use mysqli or PDO instead C:\wamp64\www\think\think_php\Extend\Driver\Session\SessionDb.class.php 第 100 行.

[ 2017-07-28T17:23:02+08:00 ] 0.0.0.0 /think/index.php/Login?code=0516s49X1D6ENW0SQr8X1cZl9X16s49Q
INFO: [ route_check ] --START--
INFO: CheckRoute Behavior ::run [ RunTime:0.002296s ]
INFO: [ route_check ] --END-- [ RunTime:0.002705s ]
NOTIC: [8192] preg_replace(): The /e modifier is deprecated, use preg_replace_callback instead C:\wamp64\www\think\think_php\Lib\Core\Dispatcher.class.php 第 132 行.
INFO: [ app_begin ] --START--
INFO: ReadHtmlCache Behavior ::run [ RunTime:0.001873s ]
INFO: [ app_begin ] --END-- [ RunTime:0.005424s ]
NOTIC: [8192] mysql_connect(): The mysql extension is deprecated and will be removed in the future: use mysqli or PDO instead C:\wamp64\www\think\think_php\Extend\Driver\Session\SessionDb.class.php 第 100 行.

[ 2017-07-28T17:25:08+08:00 ] 0.0.0.0 /think/index.php/Login?code=071CLYAJ1tTxL802ycAJ1csRAJ1CLYAr
INFO: [ route_check ] --START--
INFO: CheckRoute Behavior ::run [ RunTime:0.001506s ]
INFO: [ route_check ] --END-- [ RunTime:0.001754s ]
NOTIC: [8192] preg_replace(): The /e modifier is deprecated, use preg_replace_callback instead C:\wamp64\www\think\think_php\Lib\Core\Dispatcher.class.php 第 132 行.
INFO: [ app_begin ] --START--
INFO: ReadHtmlCache Behavior ::run [ RunTime:0.001244s ]
INFO: [ app_begin ] --END-- [ RunTime:0.001411s ]
NOTIC: [8192] mysql_connect(): The mysql extension is deprecated and will be removed in the future: use mysqli or PDO instead C:\wamp64\www\think\think_php\Extend\Driver\Session\SessionDb.class.php 第 100 行.

[ 2017-07-28T17:28:08+08:00 ] 0.0.0.0 /think/index.php/Login?code=011JWVU50GuFNG11OqU50GsQU50JWVUT
INFO: [ route_check ] --START--
INFO: CheckRoute Behavior ::run [ RunTime:0.001657s ]
INFO: [ route_check ] --END-- [ RunTime:0.001934s ]
NOTIC: [8192] preg_replace(): The /e modifier is deprecated, use preg_replace_callback instead C:\wamp64\www\think\think_php\Lib\Core\Dispatcher.class.php 第 132 行.
INFO: [ app_begin ] --START--
INFO: ReadHtmlCache Behavior ::run [ RunTime:0.001458s ]
INFO: [ app_begin ] --END-- [ RunTime:0.002047s ]
NOTIC: [8192] mysql_connect(): The mysql extension is deprecated and will be removed in the future: use mysqli or PDO instead C:\wamp64\www\think\think_php\Extend\Driver\Session\SessionDb.class.php 第 100 行.

[ 2017-07-28T17:29:21+08:00 ] 0.0.0.0 /think/index.php/Login?code=0515WiiU13fJ0U0PbYfU1lbeiU15Wiic
INFO: [ route_check ] --START--
INFO: CheckRoute Behavior ::run [ RunTime:0.004872s ]
INFO: [ route_check ] --END-- [ RunTime:0.005871s ]
NOTIC: [8192] preg_replace(): The /e modifier is deprecated, use preg_replace_callback instead C:\wamp64\www\think\think_php\Lib\Core\Dispatcher.class.php 第 132 行.
INFO: [ app_begin ] --START--
INFO: ReadHtmlCache Behavior ::run [ RunTime:0.000998s ]
INFO: [ app_begin ] --END-- [ RunTime:0.001177s ]
NOTIC: [8192] mysql_connect(): The mysql extension is deprecated and will be removed in the future: use mysqli or PDO instead C:\wamp64\www\think\think_php\Extend\Driver\Session\SessionDb.class.php 第 100 行.

[ 2017-07-28T17:29:33+08:00 ] 0.0.0.0 /think/index.php/Login?code=051uOroz0Y3HRh1HOnoz02nmoz0uOrou
INFO: [ route_check ] --START--
INFO: CheckRoute Behavior ::run [ RunTime:0.000728s ]
INFO: [ route_check ] --END-- [ RunTime:0.000868s ]
NOTIC: [8192] preg_replace(): The /e modifier is deprecated, use preg_replace_callback instead C:\wamp64\www\think\think_php\Lib\Core\Dispatcher.class.php 第 132 行.
INFO: [ app_begin ] --START--
INFO: ReadHtmlCache Behavior ::run [ RunTime:0.000610s ]
INFO: [ app_begin ] --END-- [ RunTime:0.000719s ]
NOTIC: [8192] mysql_connect(): The mysql extension is deprecated and will be removed in the future: use mysqli or PDO instead C:\wamp64\www\think\think_php\Extend\Driver\Session\SessionDb.class.php 第 100 行.

[ 2017-07-28T17:30:14+08:00 ] 0.0.0.0 /think/index.php/Login?code=001aO0680nA58J1Ft37808lI580aO06W
INFO: [ route_check ] --START--
INFO: CheckRoute Behavior ::run [ RunTime:0.001026s ]
INFO: [ route_check ] --END-- [ RunTime:0.001175s ]
NOTIC: [8192] preg_replace(): The /e modifier is deprecated, use preg_replace_callback instead C:\wamp64\www\think\think_php\Lib\Core\Dispatcher.class.php 第 132 行.
INFO: [ app_begin ] --START--
INFO: ReadHtmlCache Behavior ::run [ RunTime:0.000886s ]
INFO: [ app_begin ] --END-- [ RunTime:0.001019s ]
NOTIC: [8192] mysql_connect(): The mysql extension is deprecated and will be removed in the future: use mysqli or PDO instead C:\wamp64\www\think\think_php\Extend\Driver\Session\SessionDb.class.php 第 100 行.

[ 2017-07-28T17:31:12+08:00 ] 0.0.0.0 /think/index.php/Login?code=081YGJio0noRpo1jN0io0Xdoio0YGJi2
INFO: [ route_check ] --START--
INFO: CheckRoute Behavior ::run [ RunTime:0.000834s ]
INFO: [ route_check ] --END-- [ RunTime:0.000981s ]
NOTIC: [8192] preg_replace(): The /e modifier is deprecated, use preg_replace_callback instead C:\wamp64\www\think\think_php\Lib\Core\Dispatcher.class.php 第 132 行.
INFO: [ app_begin ] --START--
INFO: ReadHtmlCache Behavior ::run [ RunTime:0.000659s ]
INFO: [ app_begin ] --END-- [ RunTime:0.000779s ]
NOTIC: [8192] mysql_connect(): The mysql extension is deprecated and will be removed in the future: use mysqli or PDO instead C:\wamp64\www\think\think_php\Extend\Driver\Session\SessionDb.class.php 第 100 行.

[ 2017-07-28T17:34:39+08:00 ] 0.0.0.0 /think/index.php/Login?code=011ZQr4l017Leo1soO1l0pmG4l0ZQr4i
INFO: [ route_check ] --START--
INFO: CheckRoute Behavior ::run [ RunTime:0.001117s ]
INFO: [ route_check ] --END-- [ RunTime:0.001308s ]
NOTIC: [8192] preg_replace(): The /e modifier is deprecated, use preg_replace_callback instead C:\wamp64\www\think\think_php\Lib\Core\Dispatcher.class.php 第 132 行.
INFO: [ app_begin ] --START--
INFO: ReadHtmlCache Behavior ::run [ RunTime:0.001843s ]
INFO: [ app_begin ] --END-- [ RunTime:0.002101s ]
NOTIC: [8192] mysql_connect(): The mysql extension is deprecated and will be removed in the future: use mysqli or PDO instead C:\wamp64\www\think\think_php\Extend\Driver\Session\SessionDb.class.php 第 100 行.

[ 2017-07-28T17:34:55+08:00 ] 0.0.0.0 /think/index.php/Login?code=051ZVrJd1YjNxv03onMd1HZvJd1ZVrJF
INFO: [ route_check ] --START--
INFO: CheckRoute Behavior ::run [ RunTime:0.001666s ]
INFO: [ route_check ] --END-- [ RunTime:0.001876s ]
NOTIC: [8192] preg_replace(): The /e modifier is deprecated, use preg_replace_callback instead C:\wamp64\www\think\think_php\Lib\Core\Dispatcher.class.php 第 132 行.
INFO: [ app_begin ] --START--
INFO: ReadHtmlCache Behavior ::run [ RunTime:0.000894s ]
INFO: [ app_begin ] --END-- [ RunTime:0.001076s ]
NOTIC: [8192] mysql_connect(): The mysql extension is deprecated and will be removed in the future: use mysqli or PDO instead C:\wamp64\www\think\think_php\Extend\Driver\Session\SessionDb.class.php 第 100 行.

[ 2017-07-28T17:36:35+08:00 ] 0.0.0.0 /think/index.php/Login?code=061RV1ij1tUq4z0D30kj1IFUhj1RV1iC
INFO: [ route_check ] --START--
INFO: CheckRoute Behavior ::run [ RunTime:0.001075s ]
INFO: [ route_check ] --END-- [ RunTime:0.001295s ]
NOTIC: [8192] preg_replace(): The /e modifier is deprecated, use preg_replace_callback instead C:\wamp64\www\think\think_php\Lib\Core\Dispatcher.class.php 第 132 行.
INFO: [ app_begin ] --START--
INFO: ReadHtmlCache Behavior ::run [ RunTime:0.000835s ]
INFO: [ app_begin ] --END-- [ RunTime:0.000996s ]
NOTIC: [8192] mysql_connect(): The mysql extension is deprecated and will be removed in the future: use mysqli or PDO instead C:\wamp64\www\think\think_php\Extend\Driver\Session\SessionDb.class.php 第 100 行.

[ 2017-07-28T17:36:50+08:00 ] 0.0.0.0 /think/index.php/Login?code=071KzjyC08CWSc2K3HzC0goAyC0KzjyT
INFO: [ route_check ] --START--
INFO: CheckRoute Behavior ::run [ RunTime:0.002237s ]
INFO: [ route_check ] --END-- [ RunTime:0.002493s ]
NOTIC: [8192] preg_replace(): The /e modifier is deprecated, use preg_replace_callback instead C:\wamp64\www\think\think_php\Lib\Core\Dispatcher.class.php 第 132 行.
INFO: [ app_begin ] --START--
INFO: ReadHtmlCache Behavior ::run [ RunTime:0.001486s ]
INFO: [ app_begin ] --END-- [ RunTime:0.001679s ]
NOTIC: [8192] mysql_connect(): The mysql extension is deprecated and will be removed in the future: use mysqli or PDO instead C:\wamp64\www\think\think_php\Extend\Driver\Session\SessionDb.class.php 第 100 行.

[ 2017-07-28T17:37:32+08:00 ] 0.0.0.0 /think/index.php/Login?code=051Yy52o1cjChl0WUL2o1srS1o1Yy529
INFO: [ route_check ] --START--
INFO: CheckRoute Behavior ::run [ RunTime:0.000772s ]
INFO: [ route_check ] --END-- [ RunTime:0.000909s ]
NOTIC: [8192] preg_replace(): The /e modifier is deprecated, use preg_replace_callback instead C:\wamp64\www\think\think_php\Lib\Core\Dispatcher.class.php 第 132 行.
INFO: [ app_begin ] --START--
INFO: ReadHtmlCache Behavior ::run [ RunTime:0.001040s ]
INFO: [ app_begin ] --END-- [ RunTime:0.001235s ]
NOTIC: [8192] mysql_connect(): The mysql extension is deprecated and will be removed in the future: use mysqli or PDO instead C:\wamp64\www\think\think_php\Extend\Driver\Session\SessionDb.class.php 第 100 行.

[ 2017-07-28T17:37:46+08:00 ] 0.0.0.0 /think/index.php/Login?code=001rpH3U0OvefU1ZTJ3U05bL3U0rpH38
INFO: [ route_check ] --START--
INFO: CheckRoute Behavior ::run [ RunTime:0.000986s ]
INFO: [ route_check ] --END-- [ RunTime:0.001181s ]
NOTIC: [8192] preg_replace(): The /e modifier is deprecated, use preg_replace_callback instead C:\wamp64\www\think\think_php\Lib\Core\Dispatcher.class.php 第 132 行.
INFO: [ app_begin ] --START--
INFO: ReadHtmlCache Behavior ::run [ RunTime:0.000767s ]
INFO: [ app_begin ] --END-- [ RunTime:0.000908s ]
NOTIC: [8192] mysql_connect(): The mysql extension is deprecated and will be removed in the future: use mysqli or PDO instead C:\wamp64\www\think\think_php\Extend\Driver\Session\SessionDb.class.php 第 100 行.

[ 2017-07-28T17:38:05+08:00 ] 0.0.0.0 /think/index.php/Login?code=051eeIfW00ZAAW1WOIfW00BVfW0eeIfq
INFO: [ route_check ] --START--
INFO: CheckRoute Behavior ::run [ RunTime:0.000757s ]
INFO: [ route_check ] --END-- [ RunTime:0.000909s ]
NOTIC: [8192] preg_replace(): The /e modifier is deprecated, use preg_replace_callback instead C:\wamp64\www\think\think_php\Lib\Core\Dispatcher.class.php 第 132 行.
INFO: [ app_begin ] --START--
INFO: ReadHtmlCache Behavior ::run [ RunTime:0.000617s ]
INFO: [ app_begin ] --END-- [ RunTime:0.000725s ]
NOTIC: [8192] mysql_connect(): The mysql extension is deprecated and will be removed in the future: use mysqli or PDO instead C:\wamp64\www\think\think_php\Extend\Driver\Session\SessionDb.class.php 第 100 行.

[ 2017-07-28T17:38:19+08:00 ] 0.0.0.0 /think/index.php/Login?code=041zfVFq0fyoAq1sT9Fq0TT0Gq0zfVFH
INFO: [ route_check ] --START--
INFO: CheckRoute Behavior ::run [ RunTime:0.001392s ]
INFO: [ route_check ] --END-- [ RunTime:0.001665s ]
NOTIC: [8192] preg_replace(): The /e modifier is deprecated, use preg_replace_callback instead C:\wamp64\www\think\think_php\Lib\Core\Dispatcher.class.php 第 132 行.
INFO: [ app_begin ] --START--
INFO: ReadHtmlCache Behavior ::run [ RunTime:0.001885s ]
INFO: [ app_begin ] --END-- [ RunTime:0.002166s ]
NOTIC: [8192] mysql_connect(): The mysql extension is deprecated and will be removed in the future: use mysqli or PDO instead C:\wamp64\www\think\think_php\Extend\Driver\Session\SessionDb.class.php 第 100 行.

[ 2017-07-28T17:38:31+08:00 ] 0.0.0.0 /think/index.php/Login?code=051cKcNB1IZlBg0QeWNB10grNB1cKcNi
INFO: [ route_check ] --START--
INFO: CheckRoute Behavior ::run [ RunTime:0.000779s ]
INFO: [ route_check ] --END-- [ RunTime:0.000960s ]
NOTIC: [8192] preg_replace(): The /e modifier is deprecated, use preg_replace_callback instead C:\wamp64\www\think\think_php\Lib\Core\Dispatcher.class.php 第 132 行.
INFO: [ app_begin ] --START--
INFO: ReadHtmlCache Behavior ::run [ RunTime:0.000713s ]
INFO: [ app_begin ] --END-- [ RunTime:0.000832s ]
NOTIC: [8192] mysql_connect(): The mysql extension is deprecated and will be removed in the future: use mysqli or PDO instead C:\wamp64\www\think\think_php\Extend\Driver\Session\SessionDb.class.php 第 100 行.

[ 2017-07-28T17:38:57+08:00 ] 0.0.0.0 /think/index.php/Login?code=011t2U0w0hCrFg1t8k1w0OFY0w0t2U0y
INFO: [ route_check ] --START--
INFO: CheckRoute Behavior ::run [ RunTime:0.001513s ]
INFO: [ route_check ] --END-- [ RunTime:0.001722s ]
NOTIC: [8192] preg_replace(): The /e modifier is deprecated, use preg_replace_callback instead C:\wamp64\www\think\think_php\Lib\Core\Dispatcher.class.php 第 132 行.
INFO: [ app_begin ] --START--
INFO: ReadHtmlCache Behavior ::run [ RunTime:0.001146s ]
INFO: [ app_begin ] --END-- [ RunTime:0.001313s ]
NOTIC: [8192] mysql_connect(): The mysql extension is deprecated and will be removed in the future: use mysqli or PDO instead C:\wamp64\www\think\think_php\Extend\Driver\Session\SessionDb.class.php 第 100 行.

[ 2017-07-28T17:39:21+08:00 ] 0.0.0.0 /think/index.php/Login?code=011biECb2hLTgQ0LBOEb2JbyCb2biEC4
INFO: [ route_check ] --START--
INFO: CheckRoute Behavior ::run [ RunTime:0.000894s ]
INFO: [ route_check ] --END-- [ RunTime:0.001044s ]
NOTIC: [8192] preg_replace(): The /e modifier is deprecated, use preg_replace_callback instead C:\wamp64\www\think\think_php\Lib\Core\Dispatcher.class.php 第 132 行.
INFO: [ app_begin ] --START--
INFO: ReadHtmlCache Behavior ::run [ RunTime:0.000829s ]
INFO: [ app_begin ] --END-- [ RunTime:0.000993s ]
NOTIC: [8192] mysql_connect(): The mysql extension is deprecated and will be removed in the future: use mysqli or PDO instead C:\wamp64\www\think\think_php\Extend\Driver\Session\SessionDb.class.php 第 100 行.

[ 2017-07-28T17:39:54+08:00 ] 0.0.0.0 /think/index.php/Login?code=041HelhB1eWGWf0eLehB1V5fhB1Helh1
INFO: [ route_check ] --START--
INFO: CheckRoute Behavior ::run [ RunTime:0.002376s ]
INFO: [ route_check ] --END-- [ RunTime:0.002663s ]
NOTIC: [8192] preg_replace(): The /e modifier is deprecated, use preg_replace_callback instead C:\wamp64\www\think\think_php\Lib\Core\Dispatcher.class.php 第 132 行.
INFO: [ app_begin ] --START--
INFO: ReadHtmlCache Behavior ::run [ RunTime:0.000784s ]
INFO: [ app_begin ] --END-- [ RunTime:0.000904s ]
NOTIC: [8192] mysql_connect(): The mysql extension is deprecated and will be removed in the future: use mysqli or PDO instead C:\wamp64\www\think\think_php\Extend\Driver\Session\SessionDb.class.php 第 100 行.

[ 2017-07-28T17:41:03+08:00 ] 0.0.0.0 /think/index.php/Login?code=011zx5iW0R3zyW19OtkW0yGhiW0zx5iO
INFO: [ route_check ] --START--
INFO: CheckRoute Behavior ::run [ RunTime:0.001891s ]
INFO: [ route_check ] --END-- [ RunTime:0.002176s ]
NOTIC: [8192] preg_replace(): The /e modifier is deprecated, use preg_replace_callback instead C:\wamp64\www\think\think_php\Lib\Core\Dispatcher.class.php 第 132 行.
INFO: [ app_begin ] --START--
INFO: ReadHtmlCache Behavior ::run [ RunTime:0.001220s ]
INFO: [ app_begin ] --END-- [ RunTime:0.001395s ]
NOTIC: [8192] mysql_connect(): The mysql extension is deprecated and will be removed in the future: use mysqli or PDO instead C:\wamp64\www\think\think_php\Extend\Driver\Session\SessionDb.class.php 第 100 行.

[ 2017-07-28T17:48:43+08:00 ] 0.0.0.0 /think/index.php/Login?code=061hOUil1oUHki0Vx3fl16qJil1hOUiQ
INFO: [ route_check ] --START--
INFO: CheckRoute Behavior ::run [ RunTime:0.001098s ]
INFO: [ route_check ] --END-- [ RunTime:0.001304s ]
NOTIC: [8192] preg_replace(): The /e modifier is deprecated, use preg_replace_callback instead C:\wamp64\www\think\think_php\Lib\Core\Dispatcher.class.php 第 132 行.
INFO: [ app_begin ] --START--
INFO: ReadHtmlCache Behavior ::run [ RunTime:0.001607s ]
INFO: [ app_begin ] --END-- [ RunTime:0.001947s ]
NOTIC: [8192] mysql_connect(): The mysql extension is deprecated and will be removed in the future: use mysqli or PDO instead C:\wamp64\www\think\think_php\Extend\Driver\Session\SessionDb.class.php 第 100 行.

[ 2017-07-28T17:49:01+08:00 ] 0.0.0.0 /think/index.php/Login?code=031UP9LT0hywxU1J57IT0MieLT0UP9L9
INFO: [ route_check ] --START--
INFO: CheckRoute Behavior ::run [ RunTime:0.006208s ]
INFO: [ route_check ] --END-- [ RunTime:0.006502s ]
NOTIC: [8192] preg_replace(): The /e modifier is deprecated, use preg_replace_callback instead C:\wamp64\www\think\think_php\Lib\Core\Dispatcher.class.php 第 132 行.
INFO: [ app_begin ] --START--
INFO: ReadHtmlCache Behavior ::run [ RunTime:0.012202s ]
INFO: [ app_begin ] --END-- [ RunTime:0.012438s ]
NOTIC: [8192] mysql_connect(): The mysql extension is deprecated and will be removed in the future: use mysqli or PDO instead C:\wamp64\www\think\think_php\Extend\Driver\Session\SessionDb.class.php 第 100 行.

[ 2017-07-28T17:49:13+08:00 ] 0.0.0.0 /think/index.php/Login?code=041a2FQ72EXyxP0P4tQ72CIxQ72a2FQX
INFO: [ route_check ] --START--
INFO: CheckRoute Behavior ::run [ RunTime:0.001374s ]
INFO: [ route_check ] --END-- [ RunTime:0.001638s ]
NOTIC: [8192] preg_replace(): The /e modifier is deprecated, use preg_replace_callback instead C:\wamp64\www\think\think_php\Lib\Core\Dispatcher.class.php 第 132 行.
INFO: [ app_begin ] --START--
INFO: ReadHtmlCache Behavior ::run [ RunTime:0.001165s ]
INFO: [ app_begin ] --END-- [ RunTime:0.001388s ]
NOTIC: [8192] mysql_connect(): The mysql extension is deprecated and will be removed in the future: use mysqli or PDO instead C:\wamp64\www\think\think_php\Extend\Driver\Session\SessionDb.class.php 第 100 行.

[ 2017-07-28T20:58:07+08:00 ] 0.0.0.0 /think/index.php/Login?code=061oejLg0uCcBB1wo9Lg0ZqmLg0oejLn
INFO: [ route_check ] --START--
INFO: CheckRoute Behavior ::run [ RunTime:0.125771s ]
INFO: [ route_check ] --END-- [ RunTime:0.126050s ]
NOTIC: [8192] preg_replace(): The /e modifier is deprecated, use preg_replace_callback instead C:\wamp64\www\think\think_php\Lib\Core\Dispatcher.class.php 第 132 行.
INFO: [ app_begin ] --START--
INFO: ReadHtmlCache Behavior ::run [ RunTime:0.001262s ]
INFO: [ app_begin ] --END-- [ RunTime:0.001409s ]
NOTIC: [8192] mysql_connect(): The mysql extension is deprecated and will be removed in the future: use mysqli or PDO instead C:\wamp64\www\think\think_php\Extend\Driver\Session\SessionDb.class.php 第 100 行.

[ 2017-07-28T21:14:55+08:00 ] 0.0.0.0 /think/index.php/Login?code=031e46go1vao1l0Y2fho1LRTfo1e46g2
INFO: [ route_check ] --START--
INFO: CheckRoute Behavior ::run [ RunTime:0.002367s ]
INFO: [ route_check ] --END-- [ RunTime:0.002654s ]
NOTIC: [8192] preg_replace(): The /e modifier is deprecated, use preg_replace_callback instead C:\wamp64\www\think\think_php\Lib\Core\Dispatcher.class.php 第 132 行.
INFO: [ app_begin ] --START--
INFO: ReadHtmlCache Behavior ::run [ RunTime:0.001526s ]
INFO: [ app_begin ] --END-- [ RunTime:0.001746s ]
NOTIC: [8192] mysql_connect(): The mysql extension is deprecated and will be removed in the future: use mysqli or PDO instead C:\wamp64\www\think\think_php\Extend\Driver\Session\SessionDb.class.php 第 100 行.

