[ 2017-08-07T00:13:24+08:00 ] 0.0.0.0 /think/index.php/Login?code=0215rb2d1VpEiv0Y7N2d1w7u2d15rb22
INFO: [ route_check ] --START--
INFO: CheckRoute Behavior ::run [ RunTime:0.145077s ]
INFO: [ route_check ] --END-- [ RunTime:0.145293s ]
NOTIC: [8192] preg_replace(): The /e modifier is deprecated, use preg_replace_callback instead C:\wamp64\www\think\think_php\Lib\Core\Dispatcher.class.php 第 132 行.
INFO: [ app_begin ] --START--
INFO: ReadHtmlCache Behavior ::run [ RunTime:0.004184s ]
INFO: [ app_begin ] --END-- [ RunTime:0.004339s ]
NOTIC: [8192] mysql_connect(): The mysql extension is deprecated and will be removed in the future: use mysqli or PDO instead C:\wamp64\www\think\think_php\Extend\Driver\Session\SessionDb.class.php 第 100 行.

[ 2017-08-07T01:25:22+08:00 ] 0.0.0.0 /think/index.php/Login?code=061eLIGI1B3s250vfxII1FGWGI1eLIGw
INFO: [ route_check ] --START--
INFO: CheckRoute Behavior ::run [ RunTime:0.020350s ]
INFO: [ route_check ] --END-- [ RunTime:0.021164s ]
NOTIC: [8192] preg_replace(): The /e modifier is deprecated, use preg_replace_callback instead C:\wamp64\www\think\think_php\Lib\Core\Dispatcher.class.php 第 132 行.
INFO: [ app_begin ] --START--
INFO: ReadHtmlCache Behavior ::run [ RunTime:0.004162s ]
INFO: [ app_begin ] --END-- [ RunTime:0.004436s ]
NOTIC: [8192] mysql_connect(): The mysql extension is deprecated and will be removed in the future: use mysqli or PDO instead C:\wamp64\www\think\think_php\Extend\Driver\Session\SessionDb.class.php 第 100 行.

[ 2017-08-07T01:27:37+08:00 ] 0.0.0.0 /think/index.php/Login?code=0710wirg1bWmrw0D6Ssg1qGirg10wirH
INFO: [ route_check ] --START--
INFO: CheckRoute Behavior ::run [ RunTime:0.000947s ]
INFO: [ route_check ] --END-- [ RunTime:0.001083s ]
NOTIC: [8192] preg_replace(): The /e modifier is deprecated, use preg_replace_callback instead C:\wamp64\www\think\think_php\Lib\Core\Dispatcher.class.php 第 132 行.
INFO: [ app_begin ] --START--
INFO: ReadHtmlCache Behavior ::run [ RunTime:0.001362s ]
INFO: [ app_begin ] --END-- [ RunTime:0.001593s ]
NOTIC: [8192] mysql_connect(): The mysql extension is deprecated and will be removed in the future: use mysqli or PDO instead C:\wamp64\www\think\think_php\Extend\Driver\Session\SessionDb.class.php 第 100 行.

[ 2017-08-07T01:27:42+08:00 ] 0.0.0.0 /think/index.php/Login?code=041PFLk20bDHVF1xYQh20Krbl20PFLkd
INFO: [ route_check ] --START--
INFO: CheckRoute Behavior ::run [ RunTime:0.001716s ]
INFO: [ route_check ] --END-- [ RunTime:0.001966s ]
NOTIC: [8192] preg_replace(): The /e modifier is deprecated, use preg_replace_callback instead C:\wamp64\www\think\think_php\Lib\Core\Dispatcher.class.php 第 132 行.
INFO: [ app_begin ] --START--
INFO: ReadHtmlCache Behavior ::run [ RunTime:0.000828s ]
INFO: [ app_begin ] --END-- [ RunTime:0.000996s ]
NOTIC: [8192] mysql_connect(): The mysql extension is deprecated and will be removed in the future: use mysqli or PDO instead C:\wamp64\www\think\think_php\Extend\Driver\Session\SessionDb.class.php 第 100 行.

[ 2017-08-07T11:07:44+08:00 ] 0.0.0.0 /think/index.php/Login?code=031YxL9y0sMpgj1aZ1ay0L5r9y0YxL95
INFO: [ route_check ] --START--
INFO: CheckRoute Behavior ::run [ RunTime:0.001939s ]
INFO: [ route_check ] --END-- [ RunTime:0.002297s ]
NOTIC: [8192] preg_replace(): The /e modifier is deprecated, use preg_replace_callback instead C:\wamp64\www\think\think_php\Lib\Core\Dispatcher.class.php 第 132 行.
INFO: [ app_begin ] --START--
INFO: ReadHtmlCache Behavior ::run [ RunTime:0.001237s ]
INFO: [ app_begin ] --END-- [ RunTime:0.001607s ]
NOTIC: [8192] mysql_connect(): The mysql extension is deprecated and will be removed in the future: use mysqli or PDO instead C:\wamp64\www\think\think_php\Extend\Driver\Session\SessionDb.class.php 第 100 行.

[ 2017-08-07T11:21:17+08:00 ] 0.0.0.0 /think/index.php/Login?code=011Ii1r408goGE1sO6s408xnr40Ii1rx
INFO: [ route_check ] --START--
INFO: CheckRoute Behavior ::run [ RunTime:0.001824s ]
INFO: [ route_check ] --END-- [ RunTime:0.002122s ]
NOTIC: [8192] preg_replace(): The /e modifier is deprecated, use preg_replace_callback instead C:\wamp64\www\think\think_php\Lib\Core\Dispatcher.class.php 第 132 行.
INFO: [ app_begin ] --START--
INFO: ReadHtmlCache Behavior ::run [ RunTime:0.001010s ]
INFO: [ app_begin ] --END-- [ RunTime:0.001207s ]
NOTIC: [8192] mysql_connect(): The mysql extension is deprecated and will be removed in the future: use mysqli or PDO instead C:\wamp64\www\think\think_php\Extend\Driver\Session\SessionDb.class.php 第 100 行.

[ 2017-08-07T11:21:20+08:00 ] 0.0.0.0 /think/index.php/Login?code=061SKINK1fdEb70fp5OK1xgRNK1SKINv
INFO: [ route_check ] --START--
INFO: CheckRoute Behavior ::run [ RunTime:0.001421s ]
INFO: [ route_check ] --END-- [ RunTime:0.001691s ]
NOTIC: [8192] preg_replace(): The /e modifier is deprecated, use preg_replace_callback instead C:\wamp64\www\think\think_php\Lib\Core\Dispatcher.class.php 第 132 行.
INFO: [ app_begin ] --START--
INFO: ReadHtmlCache Behavior ::run [ RunTime:0.001238s ]
INFO: [ app_begin ] --END-- [ RunTime:0.001641s ]
NOTIC: [8192] mysql_connect(): The mysql extension is deprecated and will be removed in the future: use mysqli or PDO instead C:\wamp64\www\think\think_php\Extend\Driver\Session\SessionDb.class.php 第 100 行.

[ 2017-08-07T11:22:15+08:00 ] 0.0.0.0 /think/index.php/Login?code=061CCfeA0oWjYh1eOLeA0C5ueA0CCfeQ
INFO: [ route_check ] --START--
INFO: CheckRoute Behavior ::run [ RunTime:0.001427s ]
INFO: [ route_check ] --END-- [ RunTime:0.001702s ]
NOTIC: [8192] preg_replace(): The /e modifier is deprecated, use preg_replace_callback instead C:\wamp64\www\think\think_php\Lib\Core\Dispatcher.class.php 第 132 行.
INFO: [ app_begin ] --START--
INFO: ReadHtmlCache Behavior ::run [ RunTime:0.038883s ]
INFO: [ app_begin ] --END-- [ RunTime:0.039115s ]
NOTIC: [8192] mysql_connect(): The mysql extension is deprecated and will be removed in the future: use mysqli or PDO instead C:\wamp64\www\think\think_php\Extend\Driver\Session\SessionDb.class.php 第 100 行.

[ 2017-08-07T11:22:38+08:00 ] 0.0.0.0 /think/index.php/Login?code=021jCl8F0hduLi26D87F0R2H8F0jCl8E
INFO: [ route_check ] --START--
INFO: CheckRoute Behavior ::run [ RunTime:0.000818s ]
INFO: [ route_check ] --END-- [ RunTime:0.000946s ]
NOTIC: [8192] preg_replace(): The /e modifier is deprecated, use preg_replace_callback instead C:\wamp64\www\think\think_php\Lib\Core\Dispatcher.class.php 第 132 行.
INFO: [ app_begin ] --START--
INFO: ReadHtmlCache Behavior ::run [ RunTime:0.000842s ]
INFO: [ app_begin ] --END-- [ RunTime:0.000997s ]
NOTIC: [8192] mysql_connect(): The mysql extension is deprecated and will be removed in the future: use mysqli or PDO instead C:\wamp64\www\think\think_php\Extend\Driver\Session\SessionDb.class.php 第 100 行.

[ 2017-08-07T11:25:57+08:00 ] 0.0.0.0 /think/index.php/Login?code=021GqV2r0slnWq1UmE2r0VY93r0GqV2R
INFO: [ route_check ] --START--
INFO: CheckRoute Behavior ::run [ RunTime:0.001153s ]
INFO: [ route_check ] --END-- [ RunTime:0.001351s ]
NOTIC: [8192] preg_replace(): The /e modifier is deprecated, use preg_replace_callback instead C:\wamp64\www\think\think_php\Lib\Core\Dispatcher.class.php 第 132 行.
INFO: [ app_begin ] --START--
INFO: ReadHtmlCache Behavior ::run [ RunTime:0.000884s ]
INFO: [ app_begin ] --END-- [ RunTime:0.000998s ]
NOTIC: [8192] mysql_connect(): The mysql extension is deprecated and will be removed in the future: use mysqli or PDO instead C:\wamp64\www\think\think_php\Extend\Driver\Session\SessionDb.class.php 第 100 行.

[ 2017-08-07T11:26:10+08:00 ] 0.0.0.0 /think/index.php/Login?code=061gLchn0Rlwsp1Sajin0h9fhn0gLchg
INFO: [ route_check ] --START--
INFO: CheckRoute Behavior ::run [ RunTime:0.001054s ]
INFO: [ route_check ] --END-- [ RunTime:0.001285s ]
NOTIC: [8192] preg_replace(): The /e modifier is deprecated, use preg_replace_callback instead C:\wamp64\www\think\think_php\Lib\Core\Dispatcher.class.php 第 132 行.
INFO: [ app_begin ] --START--
INFO: ReadHtmlCache Behavior ::run [ RunTime:0.000790s ]
INFO: [ app_begin ] --END-- [ RunTime:0.000999s ]
NOTIC: [8192] mysql_connect(): The mysql extension is deprecated and will be removed in the future: use mysqli or PDO instead C:\wamp64\www\think\think_php\Extend\Driver\Session\SessionDb.class.php 第 100 行.

[ 2017-08-07T11:26:59+08:00 ] 0.0.0.0 /think/index.php/Login?code=061zNpRB1Ctypg07r4UB1rmdRB1zNpRe
INFO: [ route_check ] --START--
INFO: CheckRoute Behavior ::run [ RunTime:0.000864s ]
INFO: [ route_check ] --END-- [ RunTime:0.001000s ]
NOTIC: [8192] preg_replace(): The /e modifier is deprecated, use preg_replace_callback instead C:\wamp64\www\think\think_php\Lib\Core\Dispatcher.class.php 第 132 行.
INFO: [ app_begin ] --START--
INFO: ReadHtmlCache Behavior ::run [ RunTime:0.000691s ]
INFO: [ app_begin ] --END-- [ RunTime:0.000822s ]
NOTIC: [8192] mysql_connect(): The mysql extension is deprecated and will be removed in the future: use mysqli or PDO instead C:\wamp64\www\think\think_php\Extend\Driver\Session\SessionDb.class.php 第 100 行.

[ 2017-08-07T11:27:44+08:00 ] 0.0.0.0 /think/index.php/Login?code=011YgihE09ZdEf2YxzhE04PnhE0Ygihy
INFO: [ route_check ] --START--
INFO: CheckRoute Behavior ::run [ RunTime:0.001639s ]
INFO: [ route_check ] --END-- [ RunTime:0.001877s ]
NOTIC: [8192] preg_replace(): The /e modifier is deprecated, use preg_replace_callback instead C:\wamp64\www\think\think_php\Lib\Core\Dispatcher.class.php 第 132 行.
INFO: [ app_begin ] --START--
INFO: ReadHtmlCache Behavior ::run [ RunTime:0.001051s ]
INFO: [ app_begin ] --END-- [ RunTime:0.001181s ]
NOTIC: [8192] mysql_connect(): The mysql extension is deprecated and will be removed in the future: use mysqli or PDO instead C:\wamp64\www\think\think_php\Extend\Driver\Session\SessionDb.class.php 第 100 行.

[ 2017-08-07T11:28:33+08:00 ] 0.0.0.0 /think/index.php/Login?code=071Xl4xn0m4sHp10pNun05C6xn0Xl4x8
INFO: [ route_check ] --START--
INFO: CheckRoute Behavior ::run [ RunTime:0.001860s ]
INFO: [ route_check ] --END-- [ RunTime:0.002115s ]
NOTIC: [8192] preg_replace(): The /e modifier is deprecated, use preg_replace_callback instead C:\wamp64\www\think\think_php\Lib\Core\Dispatcher.class.php 第 132 行.
INFO: [ app_begin ] --START--
INFO: ReadHtmlCache Behavior ::run [ RunTime:0.001694s ]
INFO: [ app_begin ] --END-- [ RunTime:0.001972s ]
NOTIC: [8192] mysql_connect(): The mysql extension is deprecated and will be removed in the future: use mysqli or PDO instead C:\wamp64\www\think\think_php\Extend\Driver\Session\SessionDb.class.php 第 100 行.

[ 2017-08-07T11:46:03+08:00 ] 0.0.0.0 /think/index.php/Login?code=081a3rES0Sm2XV1iV6ES0w2pES0a3rE4
INFO: [ route_check ] --START--
INFO: CheckRoute Behavior ::run [ RunTime:0.002726s ]
INFO: [ route_check ] --END-- [ RunTime:0.002999s ]
NOTIC: [8192] preg_replace(): The /e modifier is deprecated, use preg_replace_callback instead C:\wamp64\www\think\think_php\Lib\Core\Dispatcher.class.php 第 132 行.
INFO: [ app_begin ] --START--
INFO: ReadHtmlCache Behavior ::run [ RunTime:0.000970s ]
INFO: [ app_begin ] --END-- [ RunTime:0.001106s ]
NOTIC: [8192] mysql_connect(): The mysql extension is deprecated and will be removed in the future: use mysqli or PDO instead C:\wamp64\www\think\think_php\Extend\Driver\Session\SessionDb.class.php 第 100 行.

[ 2017-08-07T11:46:07+08:00 ] 0.0.0.0 /think/index.php/Login?code=031rWHvC1iIT810FhYwC1gJKvC1rWHv9
INFO: [ route_check ] --START--
INFO: CheckRoute Behavior ::run [ RunTime:0.000798s ]
INFO: [ route_check ] --END-- [ RunTime:0.000973s ]
NOTIC: [8192] preg_replace(): The /e modifier is deprecated, use preg_replace_callback instead C:\wamp64\www\think\think_php\Lib\Core\Dispatcher.class.php 第 132 行.
INFO: [ app_begin ] --START--
INFO: ReadHtmlCache Behavior ::run [ RunTime:0.000637s ]
INFO: [ app_begin ] --END-- [ RunTime:0.000748s ]
NOTIC: [8192] mysql_connect(): The mysql extension is deprecated and will be removed in the future: use mysqli or PDO instead C:\wamp64\www\think\think_php\Extend\Driver\Session\SessionDb.class.php 第 100 行.

[ 2017-08-07T11:48:53+08:00 ] 0.0.0.0 /think/index.php/Login?code=051z9cEK11uy3706SaFK1ENnEK1z9cEU
INFO: [ route_check ] --START--
INFO: CheckRoute Behavior ::run [ RunTime:0.001078s ]
INFO: [ route_check ] --END-- [ RunTime:0.001226s ]
NOTIC: [8192] preg_replace(): The /e modifier is deprecated, use preg_replace_callback instead C:\wamp64\www\think\think_php\Lib\Core\Dispatcher.class.php 第 132 行.
INFO: [ app_begin ] --START--
INFO: ReadHtmlCache Behavior ::run [ RunTime:0.000765s ]
INFO: [ app_begin ] --END-- [ RunTime:0.000880s ]
NOTIC: [8192] mysql_connect(): The mysql extension is deprecated and will be removed in the future: use mysqli or PDO instead C:\wamp64\www\think\think_php\Extend\Driver\Session\SessionDb.class.php 第 100 行.

[ 2017-08-07T11:55:34+08:00 ] 0.0.0.0 /think/index.php/Login?code=011cfsXc0slW9w1lejWc03lcXc0cfsXo
INFO: [ route_check ] --START--
INFO: CheckRoute Behavior ::run [ RunTime:0.001927s ]
INFO: [ route_check ] --END-- [ RunTime:0.002237s ]
NOTIC: [8192] preg_replace(): The /e modifier is deprecated, use preg_replace_callback instead C:\wamp64\www\think\think_php\Lib\Core\Dispatcher.class.php 第 132 行.
INFO: [ app_begin ] --START--
INFO: ReadHtmlCache Behavior ::run [ RunTime:0.001447s ]
INFO: [ app_begin ] --END-- [ RunTime:0.001697s ]
NOTIC: [8192] mysql_connect(): The mysql extension is deprecated and will be removed in the future: use mysqli or PDO instead C:\wamp64\www\think\think_php\Extend\Driver\Session\SessionDb.class.php 第 100 行.

[ 2017-08-07T11:57:35+08:00 ] 0.0.0.0 /think/index.php/Login?code=011i6Tmx1OhhTb0liamx1rpdnx1i6TmE
INFO: [ route_check ] --START--
INFO: CheckRoute Behavior ::run [ RunTime:0.001548s ]
INFO: [ route_check ] --END-- [ RunTime:0.001806s ]
NOTIC: [8192] preg_replace(): The /e modifier is deprecated, use preg_replace_callback instead C:\wamp64\www\think\think_php\Lib\Core\Dispatcher.class.php 第 132 行.
INFO: [ app_begin ] --START--
INFO: ReadHtmlCache Behavior ::run [ RunTime:0.001292s ]
INFO: [ app_begin ] --END-- [ RunTime:0.001528s ]
NOTIC: [8192] mysql_connect(): The mysql extension is deprecated and will be removed in the future: use mysqli or PDO instead C:\wamp64\www\think\think_php\Extend\Driver\Session\SessionDb.class.php 第 100 行.

[ 2017-08-07T11:58:55+08:00 ] 0.0.0.0 /think/index.php/Login?code=051rXob81UUEVP18ilf81dPDb81rXobl
INFO: [ route_check ] --START--
INFO: CheckRoute Behavior ::run [ RunTime:0.000956s ]
INFO: [ route_check ] --END-- [ RunTime:0.001144s ]
NOTIC: [8192] preg_replace(): The /e modifier is deprecated, use preg_replace_callback instead C:\wamp64\www\think\think_php\Lib\Core\Dispatcher.class.php 第 132 行.
INFO: [ app_begin ] --START--
INFO: ReadHtmlCache Behavior ::run [ RunTime:0.001181s ]
INFO: [ app_begin ] --END-- [ RunTime:0.001449s ]
NOTIC: [8192] mysql_connect(): The mysql extension is deprecated and will be removed in the future: use mysqli or PDO instead C:\wamp64\www\think\think_php\Extend\Driver\Session\SessionDb.class.php 第 100 行.

[ 2017-08-07T13:05:45+08:00 ] 0.0.0.0 /think/index.php/Login?code=021e6Na30BwYEF1kBw830RiGa30e6Na3
INFO: [ route_check ] --START--
INFO: CheckRoute Behavior ::run [ RunTime:0.179235s ]
INFO: [ route_check ] --END-- [ RunTime:0.179535s ]
NOTIC: [8192] preg_replace(): The /e modifier is deprecated, use preg_replace_callback instead C:\wamp64\www\think\think_php\Lib\Core\Dispatcher.class.php 第 132 行.
INFO: [ app_begin ] --START--
INFO: ReadHtmlCache Behavior ::run [ RunTime:0.141803s ]
INFO: [ app_begin ] --END-- [ RunTime:0.142283s ]
NOTIC: [8192] mysql_connect(): The mysql extension is deprecated and will be removed in the future: use mysqli or PDO instead C:\wamp64\www\think\think_php\Extend\Driver\Session\SessionDb.class.php 第 100 行.

[ 2017-08-07T13:06:52+08:00 ] 0.0.0.0 /think/index.php/Login?code=051i588K1Id0E70EMB6K1A8t8K1i588o
INFO: [ route_check ] --START--
INFO: CheckRoute Behavior ::run [ RunTime:0.001294s ]
INFO: [ route_check ] --END-- [ RunTime:0.001594s ]
NOTIC: [8192] preg_replace(): The /e modifier is deprecated, use preg_replace_callback instead C:\wamp64\www\think\think_php\Lib\Core\Dispatcher.class.php 第 132 行.
INFO: [ app_begin ] --START--
INFO: ReadHtmlCache Behavior ::run [ RunTime:0.001413s ]
INFO: [ app_begin ] --END-- [ RunTime:0.001663s ]
NOTIC: [8192] mysql_connect(): The mysql extension is deprecated and will be removed in the future: use mysqli or PDO instead C:\wamp64\www\think\think_php\Extend\Driver\Session\SessionDb.class.php 第 100 行.

[ 2017-08-07T13:07:30+08:00 ] 0.0.0.0 /think/index.php/Login?code=011Rffxf12w6Qx0mPByf1SVoxf1RffxD
INFO: [ route_check ] --START--
INFO: CheckRoute Behavior ::run [ RunTime:0.000881s ]
INFO: [ route_check ] --END-- [ RunTime:0.001007s ]
NOTIC: [8192] preg_replace(): The /e modifier is deprecated, use preg_replace_callback instead C:\wamp64\www\think\think_php\Lib\Core\Dispatcher.class.php 第 132 行.
INFO: [ app_begin ] --START--
INFO: ReadHtmlCache Behavior ::run [ RunTime:0.000828s ]
INFO: [ app_begin ] --END-- [ RunTime:0.000963s ]
NOTIC: [8192] mysql_connect(): The mysql extension is deprecated and will be removed in the future: use mysqli or PDO instead C:\wamp64\www\think\think_php\Extend\Driver\Session\SessionDb.class.php 第 100 行.

[ 2017-08-07T13:44:12+08:00 ] 0.0.0.0 /think/index.php/ProductRequest
INFO: [ route_check ] --START--
INFO: CheckRoute Behavior ::run [ RunTime:0.001636s ]
INFO: [ route_check ] --END-- [ RunTime:0.001889s ]
NOTIC: [8192] preg_replace(): The /e modifier is deprecated, use preg_replace_callback instead C:\wamp64\www\think\think_php\Lib\Core\Dispatcher.class.php 第 132 行.
INFO: [ app_begin ] --START--
INFO: ReadHtmlCache Behavior ::run [ RunTime:0.001344s ]
INFO: [ app_begin ] --END-- [ RunTime:0.001595s ]
NOTIC: [8192] mysql_connect(): The mysql extension is deprecated and will be removed in the future: use mysqli or PDO instead C:\wamp64\www\think\think_php\Extend\Driver\Session\SessionDb.class.php 第 100 行.
ERR: 无法加载模块:ProductRequest

[ 2017-08-07T13:45:08+08:00 ] 0.0.0.0 /think/index.php/ProductRequst
INFO: [ route_check ] --START--
INFO: CheckRoute Behavior ::run [ RunTime:0.000964s ]
INFO: [ route_check ] --END-- [ RunTime:0.001116s ]
NOTIC: [8192] preg_replace(): The /e modifier is deprecated, use preg_replace_callback instead C:\wamp64\www\think\think_php\Lib\Core\Dispatcher.class.php 第 132 行.
INFO: [ app_begin ] --START--
INFO: ReadHtmlCache Behavior ::run [ RunTime:0.000717s ]
INFO: [ app_begin ] --END-- [ RunTime:0.000836s ]
NOTIC: [8192] mysql_connect(): The mysql extension is deprecated and will be removed in the future: use mysqli or PDO instead C:\wamp64\www\think\think_php\Extend\Driver\Session\SessionDb.class.php 第 100 行.
ERR: 无法加载模块:ProductRequst

[ 2017-08-07T13:45:12+08:00 ] 0.0.0.0 /think/index.php/ProductRequst
INFO: [ route_check ] --START--
INFO: CheckRoute Behavior ::run [ RunTime:0.001469s ]
INFO: [ route_check ] --END-- [ RunTime:0.001727s ]
NOTIC: [8192] preg_replace(): The /e modifier is deprecated, use preg_replace_callback instead C:\wamp64\www\think\think_php\Lib\Core\Dispatcher.class.php 第 132 行.
INFO: [ app_begin ] --START--
INFO: ReadHtmlCache Behavior ::run [ RunTime:0.000853s ]
INFO: [ app_begin ] --END-- [ RunTime:0.000989s ]
NOTIC: [8192] mysql_connect(): The mysql extension is deprecated and will be removed in the future: use mysqli or PDO instead C:\wamp64\www\think\think_php\Extend\Driver\Session\SessionDb.class.php 第 100 行.
ERR: 无法加载模块:ProductRequst

[ 2017-08-07T13:45:25+08:00 ] 0.0.0.0 /think/index.php/ProductRequst
INFO: [ route_check ] --START--
INFO: CheckRoute Behavior ::run [ RunTime:0.001220s ]
INFO: [ route_check ] --END-- [ RunTime:0.001453s ]
NOTIC: [8192] preg_replace(): The /e modifier is deprecated, use preg_replace_callback instead C:\wamp64\www\think\think_php\Lib\Core\Dispatcher.class.php 第 132 行.
INFO: [ app_begin ] --START--
INFO: ReadHtmlCache Behavior ::run [ RunTime:0.000697s ]
INFO: [ app_begin ] --END-- [ RunTime:0.000820s ]
NOTIC: [8192] mysql_connect(): The mysql extension is deprecated and will be removed in the future: use mysqli or PDO instead C:\wamp64\www\think\think_php\Extend\Driver\Session\SessionDb.class.php 第 100 行.

[ 2017-08-07T13:45:40+08:00 ] 0.0.0.0 /think/index.php/ProductRequst
INFO: [ route_check ] --START--
INFO: CheckRoute Behavior ::run [ RunTime:0.001706s ]
INFO: [ route_check ] --END-- [ RunTime:0.001871s ]
NOTIC: [8192] preg_replace(): The /e modifier is deprecated, use preg_replace_callback instead C:\wamp64\www\think\think_php\Lib\Core\Dispatcher.class.php 第 132 行.
INFO: [ app_begin ] --START--
INFO: ReadHtmlCache Behavior ::run [ RunTime:0.000777s ]
INFO: [ app_begin ] --END-- [ RunTime:0.000892s ]
NOTIC: [8192] mysql_connect(): The mysql extension is deprecated and will be removed in the future: use mysqli or PDO instead C:\wamp64\www\think\think_php\Extend\Driver\Session\SessionDb.class.php 第 100 行.
NOTIC: [8192] mysql_connect(): The mysql extension is deprecated and will be removed in the future: use mysqli or PDO instead C:\wamp64\www\think\think_php\Lib\Driver\Db\DbMysql.class.php 第 55 行.
SQL: SHOW COLUMNS FROM `hd_keyword` [ RunTime:0.027014s ]
NOTIC: [8] Undefined variable: product C:\wamp64\www\think\Index\Lib\Action\ProductRequstAction.class.php 第 7 行.

[ 2017-08-07T13:46:20+08:00 ] 0.0.0.0 /think/index.php/ProductRequst
INFO: [ route_check ] --START--
INFO: CheckRoute Behavior ::run [ RunTime:0.000756s ]
INFO: [ route_check ] --END-- [ RunTime:0.000886s ]
NOTIC: [8192] preg_replace(): The /e modifier is deprecated, use preg_replace_callback instead C:\wamp64\www\think\think_php\Lib\Core\Dispatcher.class.php 第 132 行.
INFO: [ app_begin ] --START--
INFO: ReadHtmlCache Behavior ::run [ RunTime:0.000956s ]
INFO: [ app_begin ] --END-- [ RunTime:0.001122s ]
NOTIC: [8192] mysql_connect(): The mysql extension is deprecated and will be removed in the future: use mysqli or PDO instead C:\wamp64\www\think\think_php\Extend\Driver\Session\SessionDb.class.php 第 100 行.
NOTIC: [8192] mysql_connect(): The mysql extension is deprecated and will be removed in the future: use mysqli or PDO instead C:\wamp64\www\think\think_php\Lib\Driver\Db\DbMysql.class.php 第 55 行.
SQL: SHOW COLUMNS FROM `hd_keyword` [ RunTime:0.001027s ]
NOTIC: [8192] preg_replace(): The /e modifier is deprecated, use preg_replace_callback instead C:\wamp64\www\think\think_php\Lib\Core\Db.class.php 第 605 行.
SQL: SELECT * FROM `hd_keyword` WHERE ( `keyword` = '宠物' )  [ RunTime:0.000441s ]

[ 2017-08-07T13:47:01+08:00 ] 0.0.0.0 /think/index.php/ProductRequst
INFO: [ route_check ] --START--
INFO: CheckRoute Behavior ::run [ RunTime:0.000976s ]
INFO: [ route_check ] --END-- [ RunTime:0.001131s ]
NOTIC: [8192] preg_replace(): The /e modifier is deprecated, use preg_replace_callback instead C:\wamp64\www\think\think_php\Lib\Core\Dispatcher.class.php 第 132 行.
INFO: [ app_begin ] --START--
INFO: ReadHtmlCache Behavior ::run [ RunTime:0.001103s ]
INFO: [ app_begin ] --END-- [ RunTime:0.001555s ]
NOTIC: [8192] mysql_connect(): The mysql extension is deprecated and will be removed in the future: use mysqli or PDO instead C:\wamp64\www\think\think_php\Extend\Driver\Session\SessionDb.class.php 第 100 行.
NOTIC: [8192] mysql_connect(): The mysql extension is deprecated and will be removed in the future: use mysqli or PDO instead C:\wamp64\www\think\think_php\Lib\Driver\Db\DbMysql.class.php 第 55 行.
SQL: SHOW COLUMNS FROM `hd_keyword` [ RunTime:0.001383s ]
NOTIC: [8192] preg_replace(): The /e modifier is deprecated, use preg_replace_callback instead C:\wamp64\www\think\think_php\Lib\Core\Db.class.php 第 605 行.
SQL: SELECT * FROM `hd_keyword` WHERE ( `keyword` = '宠物' )  [ RunTime:0.000298s ]

[ 2017-08-07T13:47:34+08:00 ] 0.0.0.0 /think/index.php/ProductRequst
INFO: [ route_check ] --START--
INFO: CheckRoute Behavior ::run [ RunTime:0.002511s ]
INFO: [ route_check ] --END-- [ RunTime:0.002727s ]
NOTIC: [8192] preg_replace(): The /e modifier is deprecated, use preg_replace_callback instead C:\wamp64\www\think\think_php\Lib\Core\Dispatcher.class.php 第 132 行.
INFO: [ app_begin ] --START--
INFO: ReadHtmlCache Behavior ::run [ RunTime:0.000998s ]
INFO: [ app_begin ] --END-- [ RunTime:0.001177s ]
NOTIC: [8192] mysql_connect(): The mysql extension is deprecated and will be removed in the future: use mysqli or PDO instead C:\wamp64\www\think\think_php\Extend\Driver\Session\SessionDb.class.php 第 100 行.
NOTIC: [8192] mysql_connect(): The mysql extension is deprecated and will be removed in the future: use mysqli or PDO instead C:\wamp64\www\think\think_php\Lib\Driver\Db\DbMysql.class.php 第 55 行.
SQL: SHOW COLUMNS FROM `hd_keyword` [ RunTime:0.001232s ]
NOTIC: [8192] preg_replace(): The /e modifier is deprecated, use preg_replace_callback instead C:\wamp64\www\think\think_php\Lib\Core\Db.class.php 第 605 行.
SQL: SELECT * FROM `hd_keyword` WHERE ( `keyword` = '宠物' )  [ RunTime:0.000309s ]

[ 2017-08-07T13:48:38+08:00 ] 0.0.0.0 /think/index.php/ProductRequst
INFO: [ route_check ] --START--
INFO: CheckRoute Behavior ::run [ RunTime:0.000999s ]
INFO: [ route_check ] --END-- [ RunTime:0.001171s ]
NOTIC: [8192] preg_replace(): The /e modifier is deprecated, use preg_replace_callback instead C:\wamp64\www\think\think_php\Lib\Core\Dispatcher.class.php 第 132 行.
INFO: [ app_begin ] --START--
INFO: ReadHtmlCache Behavior ::run [ RunTime:0.000742s ]
INFO: [ app_begin ] --END-- [ RunTime:0.000864s ]
NOTIC: [8192] mysql_connect(): The mysql extension is deprecated and will be removed in the future: use mysqli or PDO instead C:\wamp64\www\think\think_php\Extend\Driver\Session\SessionDb.class.php 第 100 行.
NOTIC: [8192] mysql_connect(): The mysql extension is deprecated and will be removed in the future: use mysqli or PDO instead C:\wamp64\www\think\think_php\Lib\Driver\Db\DbMysql.class.php 第 55 行.
SQL: SHOW COLUMNS FROM `hd_keyword` [ RunTime:0.001327s ]
NOTIC: [8192] preg_replace(): The /e modifier is deprecated, use preg_replace_callback instead C:\wamp64\www\think\think_php\Lib\Core\Db.class.php 第 605 行.
SQL: SELECT `productid` FROM `hd_keyword` WHERE ( `keyword` = '宠物' ) LIMIT 1   [ RunTime:0.000316s ]

