[ 2017-07-27T14:20:04+08:00 ] 0.0.0.0 /think/
INFO: [ app_begin ] --START--
INFO: ReadHtmlCache Behavior ::run [ RunTime:0.019020s ]
INFO: [ app_begin ] --END-- [ RunTime:0.019335s ]
NOTIC: [8192] mysql_connect(): The mysql extension is deprecated and will be removed in the future: use mysqli or PDO instead C:\wamp64\www\think\think_php\Extend\Driver\Session\SessionDb.class.php 第 100 行.

[ 2017-07-27T14:22:08+08:00 ] 0.0.0.0 /think/index.php/index/Login
INFO: [ route_check ] --START--
INFO: CheckRoute Behavior ::run [ RunTime:0.061361s ]
INFO: [ route_check ] --END-- [ RunTime:0.061519s ]
NOTIC: [8192] preg_replace(): The /e modifier is deprecated, use preg_replace_callback instead C:\wamp64\www\think\think_php\Lib\Core\Dispatcher.class.php 第 132 行.
INFO: [ app_begin ] --START--
INFO: ReadHtmlCache Behavior ::run [ RunTime:0.000917s ]
INFO: [ app_begin ] --END-- [ RunTime:0.001046s ]
NOTIC: [8192] mysql_connect(): The mysql extension is deprecated and will be removed in the future: use mysqli or PDO instead C:\wamp64\www\think\think_php\Extend\Driver\Session\SessionDb.class.php 第 100 行.
ERR: 无法加载模块:index

[ 2017-07-27T14:22:24+08:00 ] 0.0.0.0 /think/index.php/index/Login/index.html
INFO: [ route_check ] --START--
INFO: CheckRoute Behavior ::run [ RunTime:0.001008s ]
INFO: [ route_check ] --END-- [ RunTime:0.001151s ]
NOTIC: [8192] preg_replace(): The /e modifier is deprecated, use preg_replace_callback instead C:\wamp64\www\think\think_php\Lib\Core\Dispatcher.class.php 第 132 行.
INFO: [ app_begin ] --START--
INFO: ReadHtmlCache Behavior ::run [ RunTime:0.000733s ]
INFO: [ app_begin ] --END-- [ RunTime:0.000836s ]
NOTIC: [8192] mysql_connect(): The mysql extension is deprecated and will be removed in the future: use mysqli or PDO instead C:\wamp64\www\think\think_php\Extend\Driver\Session\SessionDb.class.php 第 100 行.
ERR: 无法加载模块:index

[ 2017-07-27T14:22:36+08:00 ] 0.0.0.0 /think/index.php
INFO: [ app_begin ] --START--
INFO: ReadHtmlCache Behavior ::run [ RunTime:0.000832s ]
INFO: [ app_begin ] --END-- [ RunTime:0.000975s ]
NOTIC: [8192] mysql_connect(): The mysql extension is deprecated and will be removed in the future: use mysqli or PDO instead C:\wamp64\www\think\think_php\Extend\Driver\Session\SessionDb.class.php 第 100 行.

[ 2017-07-27T14:22:45+08:00 ] 0.0.0.0 /think/index.php/Login
INFO: [ route_check ] --START--
INFO: CheckRoute Behavior ::run [ RunTime:0.000983s ]
INFO: [ route_check ] --END-- [ RunTime:0.001158s ]
NOTIC: [8192] preg_replace(): The /e modifier is deprecated, use preg_replace_callback instead C:\wamp64\www\think\think_php\Lib\Core\Dispatcher.class.php 第 132 行.
INFO: [ app_begin ] --START--
INFO: ReadHtmlCache Behavior ::run [ RunTime:0.000850s ]
INFO: [ app_begin ] --END-- [ RunTime:0.001037s ]
NOTIC: [8192] mysql_connect(): The mysql extension is deprecated and will be removed in the future: use mysqli or PDO instead C:\wamp64\www\think\think_php\Extend\Driver\Session\SessionDb.class.php 第 100 行.

[ 2017-07-27T14:24:41+08:00 ] 0.0.0.0 /think/index.php/Login
INFO: [ route_check ] --START--
INFO: CheckRoute Behavior ::run [ RunTime:0.001246s ]
INFO: [ route_check ] --END-- [ RunTime:0.001438s ]
NOTIC: [8192] preg_replace(): The /e modifier is deprecated, use preg_replace_callback instead C:\wamp64\www\think\think_php\Lib\Core\Dispatcher.class.php 第 132 行.
INFO: [ app_begin ] --START--
INFO: ReadHtmlCache Behavior ::run [ RunTime:0.001211s ]
INFO: [ app_begin ] --END-- [ RunTime:0.001333s ]
NOTIC: [8192] mysql_connect(): The mysql extension is deprecated and will be removed in the future: use mysqli or PDO instead C:\wamp64\www\think\think_php\Extend\Driver\Session\SessionDb.class.php 第 100 行.

[ 2017-07-27T15:57:52+08:00 ] 0.0.0.0 /think/index.php/Login?code=0812smJA033Jwd2CBRIA0tm3JA02smJ4
INFO: [ route_check ] --START--
INFO: CheckRoute Behavior ::run [ RunTime:0.237637s ]
INFO: [ route_check ] --END-- [ RunTime:0.238211s ]
NOTIC: [8192] preg_replace(): The /e modifier is deprecated, use preg_replace_callback instead C:\wamp64\www\think\think_php\Lib\Core\Dispatcher.class.php 第 132 行.
INFO: [ app_begin ] --START--
INFO: ReadHtmlCache Behavior ::run [ RunTime:0.004564s ]
INFO: [ app_begin ] --END-- [ RunTime:0.005248s ]
NOTIC: [8192] mysql_connect(): The mysql extension is deprecated and will be removed in the future: use mysqli or PDO instead C:\wamp64\www\think\think_php\Extend\Driver\Session\SessionDb.class.php 第 100 行.

[ 2017-07-27T15:58:26+08:00 ] 0.0.0.0 /think/index.php/Login
INFO: [ route_check ] --START--
INFO: CheckRoute Behavior ::run [ RunTime:0.000773s ]
INFO: [ route_check ] --END-- [ RunTime:0.000906s ]
NOTIC: [8192] preg_replace(): The /e modifier is deprecated, use preg_replace_callback instead C:\wamp64\www\think\think_php\Lib\Core\Dispatcher.class.php 第 132 行.
INFO: [ app_begin ] --START--
INFO: ReadHtmlCache Behavior ::run [ RunTime:0.000927s ]
INFO: [ app_begin ] --END-- [ RunTime:0.001079s ]
NOTIC: [8192] mysql_connect(): The mysql extension is deprecated and will be removed in the future: use mysqli or PDO instead C:\wamp64\www\think\think_php\Extend\Driver\Session\SessionDb.class.php 第 100 行.

[ 2017-07-27T16:04:20+08:00 ] 0.0.0.0 /think/index.php/Login?code=041GGelP1TDRB41vgWlP14V5lP1GGelv
INFO: [ route_check ] --START--
INFO: CheckRoute Behavior ::run [ RunTime:0.001902s ]
INFO: [ route_check ] --END-- [ RunTime:0.002073s ]
NOTIC: [8192] preg_replace(): The /e modifier is deprecated, use preg_replace_callback instead C:\wamp64\www\think\think_php\Lib\Core\Dispatcher.class.php 第 132 行.
INFO: [ app_begin ] --START--
INFO: ReadHtmlCache Behavior ::run [ RunTime:0.001304s ]
INFO: [ app_begin ] --END-- [ RunTime:0.001696s ]
NOTIC: [8192] mysql_connect(): The mysql extension is deprecated and will be removed in the future: use mysqli or PDO instead C:\wamp64\www\think\think_php\Extend\Driver\Session\SessionDb.class.php 第 100 行.

[ 2017-07-27T16:07:09+08:00 ] 0.0.0.0 /think/index.php/Login
INFO: [ route_check ] --START--
INFO: CheckRoute Behavior ::run [ RunTime:0.001536s ]
INFO: [ route_check ] --END-- [ RunTime:0.001924s ]
NOTIC: [8192] preg_replace(): The /e modifier is deprecated, use preg_replace_callback instead C:\wamp64\www\think\think_php\Lib\Core\Dispatcher.class.php 第 132 行.
INFO: [ app_begin ] --START--
INFO: ReadHtmlCache Behavior ::run [ RunTime:0.001068s ]
INFO: [ app_begin ] --END-- [ RunTime:0.001297s ]
NOTIC: [8192] mysql_connect(): The mysql extension is deprecated and will be removed in the future: use mysqli or PDO instead C:\wamp64\www\think\think_php\Extend\Driver\Session\SessionDb.class.php 第 100 行.

[ 2017-07-27T16:07:12+08:00 ] 0.0.0.0 /think/index.php/Login
INFO: [ route_check ] --START--
INFO: CheckRoute Behavior ::run [ RunTime:0.000751s ]
INFO: [ route_check ] --END-- [ RunTime:0.000898s ]
NOTIC: [8192] preg_replace(): The /e modifier is deprecated, use preg_replace_callback instead C:\wamp64\www\think\think_php\Lib\Core\Dispatcher.class.php 第 132 行.
INFO: [ app_begin ] --START--
INFO: ReadHtmlCache Behavior ::run [ RunTime:0.000646s ]
INFO: [ app_begin ] --END-- [ RunTime:0.000763s ]
NOTIC: [8192] mysql_connect(): The mysql extension is deprecated and will be removed in the future: use mysqli or PDO instead C:\wamp64\www\think\think_php\Extend\Driver\Session\SessionDb.class.php 第 100 行.

[ 2017-07-27T16:13:35+08:00 ] 0.0.0.0 /think/index.php/Login
INFO: [ route_check ] --START--
INFO: CheckRoute Behavior ::run [ RunTime:0.002342s ]
INFO: [ route_check ] --END-- [ RunTime:0.002637s ]
NOTIC: [8192] preg_replace(): The /e modifier is deprecated, use preg_replace_callback instead C:\wamp64\www\think\think_php\Lib\Core\Dispatcher.class.php 第 132 行.
INFO: [ app_begin ] --START--
INFO: ReadHtmlCache Behavior ::run [ RunTime:0.002026s ]
INFO: [ app_begin ] --END-- [ RunTime:0.002313s ]
NOTIC: [8192] mysql_connect(): The mysql extension is deprecated and will be removed in the future: use mysqli or PDO instead C:\wamp64\www\think\think_php\Extend\Driver\Session\SessionDb.class.php 第 100 行.
NOTIC: [8] Undefined variable: _session C:\wamp64\www\think\Index\Lib\Action\LoginAction.class.php 第 26 行.

[ 2017-07-27T16:20:15+08:00 ] 0.0.0.0 /think/index.php/Login
INFO: [ route_check ] --START--
INFO: CheckRoute Behavior ::run [ RunTime:0.001371s ]
INFO: [ route_check ] --END-- [ RunTime:0.001526s ]
NOTIC: [8192] preg_replace(): The /e modifier is deprecated, use preg_replace_callback instead C:\wamp64\www\think\think_php\Lib\Core\Dispatcher.class.php 第 132 行.
INFO: [ app_begin ] --START--
INFO: ReadHtmlCache Behavior ::run [ RunTime:0.000820s ]
INFO: [ app_begin ] --END-- [ RunTime:0.000932s ]
NOTIC: [8192] mysql_connect(): The mysql extension is deprecated and will be removed in the future: use mysqli or PDO instead C:\wamp64\www\think\think_php\Extend\Driver\Session\SessionDb.class.php 第 100 行.
NOTIC: [8] Undefined variable: _session C:\wamp64\www\think\Index\Lib\Action\LoginAction.class.php 第 28 行.

[ 2017-07-27T16:21:01+08:00 ] 0.0.0.0 /think/index.php/Login
INFO: [ route_check ] --START--
INFO: CheckRoute Behavior ::run [ RunTime:0.001039s ]
INFO: [ route_check ] --END-- [ RunTime:0.001211s ]
NOTIC: [8192] preg_replace(): The /e modifier is deprecated, use preg_replace_callback instead C:\wamp64\www\think\think_php\Lib\Core\Dispatcher.class.php 第 132 行.
INFO: [ app_begin ] --START--
INFO: ReadHtmlCache Behavior ::run [ RunTime:0.000863s ]
INFO: [ app_begin ] --END-- [ RunTime:0.000975s ]
NOTIC: [8192] mysql_connect(): The mysql extension is deprecated and will be removed in the future: use mysqli or PDO instead C:\wamp64\www\think\think_php\Extend\Driver\Session\SessionDb.class.php 第 100 行.
NOTIC: [8] Use of undefined constant session3rd - assumed 'session3rd' C:\wamp64\www\think\Index\Lib\Action\LoginAction.class.php 第 29 行.

[ 2017-07-27T16:22:18+08:00 ] 0.0.0.0 /think/index.php/Login
INFO: [ route_check ] --START--
INFO: CheckRoute Behavior ::run [ RunTime:0.001982s ]
INFO: [ route_check ] --END-- [ RunTime:0.002273s ]
NOTIC: [8192] preg_replace(): The /e modifier is deprecated, use preg_replace_callback instead C:\wamp64\www\think\think_php\Lib\Core\Dispatcher.class.php 第 132 行.
INFO: [ app_begin ] --START--
INFO: ReadHtmlCache Behavior ::run [ RunTime:0.001395s ]
INFO: [ app_begin ] --END-- [ RunTime:0.001621s ]
NOTIC: [8192] mysql_connect(): The mysql extension is deprecated and will be removed in the future: use mysqli or PDO instead C:\wamp64\www\think\think_php\Extend\Driver\Session\SessionDb.class.php 第 100 行.

[ 2017-07-27T16:23:24+08:00 ] 0.0.0.0 /think/index.php/Login
INFO: [ route_check ] --START--
INFO: CheckRoute Behavior ::run [ RunTime:0.000760s ]
INFO: [ route_check ] --END-- [ RunTime:0.000903s ]
NOTIC: [8192] preg_replace(): The /e modifier is deprecated, use preg_replace_callback instead C:\wamp64\www\think\think_php\Lib\Core\Dispatcher.class.php 第 132 行.
INFO: [ app_begin ] --START--
INFO: ReadHtmlCache Behavior ::run [ RunTime:0.000797s ]
INFO: [ app_begin ] --END-- [ RunTime:0.000917s ]
NOTIC: [8192] mysql_connect(): The mysql extension is deprecated and will be removed in the future: use mysqli or PDO instead C:\wamp64\www\think\think_php\Extend\Driver\Session\SessionDb.class.php 第 100 行.

[ 2017-07-27T16:26:04+08:00 ] 0.0.0.0 /think/index.php/Login?code=031s4w9R0DiLRb2hneaR0Tfr9R0s4w9O
INFO: [ route_check ] --START--
INFO: CheckRoute Behavior ::run [ RunTime:0.001023s ]
INFO: [ route_check ] --END-- [ RunTime:0.001168s ]
NOTIC: [8192] preg_replace(): The /e modifier is deprecated, use preg_replace_callback instead C:\wamp64\www\think\think_php\Lib\Core\Dispatcher.class.php 第 132 行.
INFO: [ app_begin ] --START--
INFO: ReadHtmlCache Behavior ::run [ RunTime:0.001458s ]
INFO: [ app_begin ] --END-- [ RunTime:0.001749s ]
NOTIC: [8192] mysql_connect(): The mysql extension is deprecated and will be removed in the future: use mysqli or PDO instead C:\wamp64\www\think\think_php\Extend\Driver\Session\SessionDb.class.php 第 100 行.

[ 2017-07-27T17:00:38+08:00 ] 0.0.0.0 /think/index.php/Login?code=081cE4fY1F8YHV0DYjcY1DVpfY1cE4fo
INFO: [ route_check ] --START--
INFO: CheckRoute Behavior ::run [ RunTime:0.001718s ]
INFO: [ route_check ] --END-- [ RunTime:0.002014s ]
NOTIC: [8192] preg_replace(): The /e modifier is deprecated, use preg_replace_callback instead C:\wamp64\www\think\think_php\Lib\Core\Dispatcher.class.php 第 132 行.
INFO: [ app_begin ] --START--
INFO: ReadHtmlCache Behavior ::run [ RunTime:0.002278s ]
INFO: [ app_begin ] --END-- [ RunTime:0.002575s ]
NOTIC: [8192] mysql_connect(): The mysql extension is deprecated and will be removed in the future: use mysqli or PDO instead C:\wamp64\www\think\think_php\Extend\Driver\Session\SessionDb.class.php 第 100 行.

[ 2017-07-27T17:00:58+08:00 ] 0.0.0.0 /think/index.php/Login?code=021OqyUb1DifGr0lamUb1TgyUb1OqyUi
INFO: [ route_check ] --START--
INFO: CheckRoute Behavior ::run [ RunTime:0.000782s ]
INFO: [ route_check ] --END-- [ RunTime:0.000946s ]
NOTIC: [8192] preg_replace(): The /e modifier is deprecated, use preg_replace_callback instead C:\wamp64\www\think\think_php\Lib\Core\Dispatcher.class.php 第 132 行.
INFO: [ app_begin ] --START--
INFO: ReadHtmlCache Behavior ::run [ RunTime:0.001044s ]
INFO: [ app_begin ] --END-- [ RunTime:0.001353s ]
NOTIC: [8192] mysql_connect(): The mysql extension is deprecated and will be removed in the future: use mysqli or PDO instead C:\wamp64\www\think\think_php\Extend\Driver\Session\SessionDb.class.php 第 100 行.

[ 2017-07-27T17:15:26+08:00 ] 0.0.0.0 /think/index.php/Login?code=0814BdKp0n0VDs1NxoJp02MaKp04BdKZ
INFO: [ route_check ] --START--
INFO: CheckRoute Behavior ::run [ RunTime:0.001024s ]
INFO: [ route_check ] --END-- [ RunTime:0.001164s ]
NOTIC: [8192] preg_replace(): The /e modifier is deprecated, use preg_replace_callback instead C:\wamp64\www\think\think_php\Lib\Core\Dispatcher.class.php 第 132 行.
INFO: [ app_begin ] --START--
INFO: ReadHtmlCache Behavior ::run [ RunTime:0.000807s ]
INFO: [ app_begin ] --END-- [ RunTime:0.000930s ]
NOTIC: [8192] mysql_connect(): The mysql extension is deprecated and will be removed in the future: use mysqli or PDO instead C:\wamp64\www\think\think_php\Extend\Driver\Session\SessionDb.class.php 第 100 行.

[ 2017-07-27T17:27:50+08:00 ] 0.0.0.0 /think/index.php/Login?code=051YWzUY0jNiBZ11JEVY0kQsUY0YWzUE
INFO: [ route_check ] --START--
INFO: CheckRoute Behavior ::run [ RunTime:0.001089s ]
INFO: [ route_check ] --END-- [ RunTime:0.001264s ]
NOTIC: [8192] preg_replace(): The /e modifier is deprecated, use preg_replace_callback instead C:\wamp64\www\think\think_php\Lib\Core\Dispatcher.class.php 第 132 行.
INFO: [ app_begin ] --START--
INFO: ReadHtmlCache Behavior ::run [ RunTime:0.000812s ]
INFO: [ app_begin ] --END-- [ RunTime:0.000939s ]
NOTIC: [8192] mysql_connect(): The mysql extension is deprecated and will be removed in the future: use mysqli or PDO instead C:\wamp64\www\think\think_php\Extend\Driver\Session\SessionDb.class.php 第 100 行.

[ 2017-07-27T17:27:57+08:00 ] 0.0.0.0 /think/index.php/Login?code=031hZyyx0ZZYig1eiPxx0rHKyx0hZyyV
INFO: [ route_check ] --START--
INFO: CheckRoute Behavior ::run [ RunTime:0.000823s ]
INFO: [ route_check ] --END-- [ RunTime:0.001012s ]
NOTIC: [8192] preg_replace(): The /e modifier is deprecated, use preg_replace_callback instead C:\wamp64\www\think\think_php\Lib\Core\Dispatcher.class.php 第 132 行.
INFO: [ app_begin ] --START--
INFO: ReadHtmlCache Behavior ::run [ RunTime:0.000738s ]
INFO: [ app_begin ] --END-- [ RunTime:0.000844s ]
NOTIC: [8192] mysql_connect(): The mysql extension is deprecated and will be removed in the future: use mysqli or PDO instead C:\wamp64\www\think\think_php\Extend\Driver\Session\SessionDb.class.php 第 100 行.

[ 2017-07-27T19:39:33+08:00 ] 0.0.0.0 /think/index.php/Login?code=021BXXia1xXzLS12Y6ia1HO0ja1BXXiL
INFO: [ route_check ] --START--
INFO: CheckRoute Behavior ::run [ RunTime:0.014876s ]
INFO: [ route_check ] --END-- [ RunTime:0.015091s ]
NOTIC: [8192] preg_replace(): The /e modifier is deprecated, use preg_replace_callback instead C:\wamp64\www\think\think_php\Lib\Core\Dispatcher.class.php 第 132 行.
INFO: [ app_begin ] --START--
INFO: ReadHtmlCache Behavior ::run [ RunTime:0.001714s ]
INFO: [ app_begin ] --END-- [ RunTime:0.002100s ]
NOTIC: [8192] mysql_connect(): The mysql extension is deprecated and will be removed in the future: use mysqli or PDO instead C:\wamp64\www\think\think_php\Extend\Driver\Session\SessionDb.class.php 第 100 行.

[ 2017-07-27T19:40:39+08:00 ] 0.0.0.0 /think/index.php/Login?code=01109VpJ1qB5X80XPdqJ1R0OpJ109Vp3
INFO: [ route_check ] --START--
INFO: CheckRoute Behavior ::run [ RunTime:0.000699s ]
INFO: [ route_check ] --END-- [ RunTime:0.000830s ]
NOTIC: [8192] preg_replace(): The /e modifier is deprecated, use preg_replace_callback instead C:\wamp64\www\think\think_php\Lib\Core\Dispatcher.class.php 第 132 行.
INFO: [ app_begin ] --START--
INFO: ReadHtmlCache Behavior ::run [ RunTime:0.000587s ]
INFO: [ app_begin ] --END-- [ RunTime:0.000710s ]
NOTIC: [8192] mysql_connect(): The mysql extension is deprecated and will be removed in the future: use mysqli or PDO instead C:\wamp64\www\think\think_php\Extend\Driver\Session\SessionDb.class.php 第 100 行.

[ 2017-07-27T19:50:24+08:00 ] 0.0.0.0 /think/index.php/Login?code=071vRMdR1m6u861oU4bR13t0eR1vRMdv
INFO: [ route_check ] --START--
INFO: CheckRoute Behavior ::run [ RunTime:0.001322s ]
INFO: [ route_check ] --END-- [ RunTime:0.001543s ]
NOTIC: [8192] preg_replace(): The /e modifier is deprecated, use preg_replace_callback instead C:\wamp64\www\think\think_php\Lib\Core\Dispatcher.class.php 第 132 行.
INFO: [ app_begin ] --START--
INFO: ReadHtmlCache Behavior ::run [ RunTime:0.000985s ]
INFO: [ app_begin ] --END-- [ RunTime:0.001167s ]
NOTIC: [8192] mysql_connect(): The mysql extension is deprecated and will be removed in the future: use mysqli or PDO instead C:\wamp64\www\think\think_php\Extend\Driver\Session\SessionDb.class.php 第 100 行.

[ 2017-07-27T20:16:19+08:00 ] 0.0.0.0 /think/index.php/Login?code=071YtuaQ1apil81lW78Q1zOpaQ1Ytua1
INFO: [ route_check ] --START--
INFO: CheckRoute Behavior ::run [ RunTime:0.001342s ]
INFO: [ route_check ] --END-- [ RunTime:0.001475s ]
NOTIC: [8192] preg_replace(): The /e modifier is deprecated, use preg_replace_callback instead C:\wamp64\www\think\think_php\Lib\Core\Dispatcher.class.php 第 132 行.
INFO: [ app_begin ] --START--
INFO: ReadHtmlCache Behavior ::run [ RunTime:0.000975s ]
INFO: [ app_begin ] --END-- [ RunTime:0.001116s ]
NOTIC: [8192] mysql_connect(): The mysql extension is deprecated and will be removed in the future: use mysqli or PDO instead C:\wamp64\www\think\think_php\Extend\Driver\Session\SessionDb.class.php 第 100 行.

[ 2017-07-27T20:16:40+08:00 ] 0.0.0.0 /think/index.php/Login?code=031G6uSf27JdWC0Go3Wf2W6pSf2G6uSY
INFO: [ route_check ] --START--
INFO: CheckRoute Behavior ::run [ RunTime:0.000762s ]
INFO: [ route_check ] --END-- [ RunTime:0.000884s ]
NOTIC: [8192] preg_replace(): The /e modifier is deprecated, use preg_replace_callback instead C:\wamp64\www\think\think_php\Lib\Core\Dispatcher.class.php 第 132 行.
INFO: [ app_begin ] --START--
INFO: ReadHtmlCache Behavior ::run [ RunTime:0.000729s ]
INFO: [ app_begin ] --END-- [ RunTime:0.000884s ]
NOTIC: [8192] mysql_connect(): The mysql extension is deprecated and will be removed in the future: use mysqli or PDO instead C:\wamp64\www\think\think_php\Extend\Driver\Session\SessionDb.class.php 第 100 行.

[ 2017-07-27T20:17:01+08:00 ] 0.0.0.0 /think/index.php/Login?code=051gr7jQ0aoIzb23aimQ0qo2jQ0gr7jI
INFO: [ route_check ] --START--
INFO: CheckRoute Behavior ::run [ RunTime:0.001587s ]
INFO: [ route_check ] --END-- [ RunTime:0.001742s ]
NOTIC: [8192] preg_replace(): The /e modifier is deprecated, use preg_replace_callback instead C:\wamp64\www\think\think_php\Lib\Core\Dispatcher.class.php 第 132 行.
INFO: [ app_begin ] --START--
INFO: ReadHtmlCache Behavior ::run [ RunTime:0.000806s ]
INFO: [ app_begin ] --END-- [ RunTime:0.000919s ]
NOTIC: [8192] mysql_connect(): The mysql extension is deprecated and will be removed in the future: use mysqli or PDO instead C:\wamp64\www\think\think_php\Extend\Driver\Session\SessionDb.class.php 第 100 行.

[ 2017-07-27T20:23:54+08:00 ] 0.0.0.0 /think/index.php/Login?code=0718H0Uv0YDVLg1gPLSv0dLLTv08H0UP
INFO: [ route_check ] --START--
INFO: CheckRoute Behavior ::run [ RunTime:0.001102s ]
INFO: [ route_check ] --END-- [ RunTime:0.001288s ]
NOTIC: [8192] preg_replace(): The /e modifier is deprecated, use preg_replace_callback instead C:\wamp64\www\think\think_php\Lib\Core\Dispatcher.class.php 第 132 行.
INFO: [ app_begin ] --START--
INFO: ReadHtmlCache Behavior ::run [ RunTime:0.000725s ]
INFO: [ app_begin ] --END-- [ RunTime:0.000840s ]
NOTIC: [8192] mysql_connect(): The mysql extension is deprecated and will be removed in the future: use mysqli or PDO instead C:\wamp64\www\think\think_php\Extend\Driver\Session\SessionDb.class.php 第 100 行.

[ 2017-07-27T20:23:57+08:00 ] 0.0.0.0 /think/index.php/Login?code=0011NiIf1hJJYw0gWmJf1v6kIf11NiIS
INFO: [ route_check ] --START--
INFO: CheckRoute Behavior ::run [ RunTime:0.002094s ]
INFO: [ route_check ] --END-- [ RunTime:0.003052s ]
NOTIC: [8192] preg_replace(): The /e modifier is deprecated, use preg_replace_callback instead C:\wamp64\www\think\think_php\Lib\Core\Dispatcher.class.php 第 132 行.
INFO: [ app_begin ] --START--
INFO: ReadHtmlCache Behavior ::run [ RunTime:0.001189s ]
INFO: [ app_begin ] --END-- [ RunTime:0.001405s ]
NOTIC: [8192] mysql_connect(): The mysql extension is deprecated and will be removed in the future: use mysqli or PDO instead C:\wamp64\www\think\think_php\Extend\Driver\Session\SessionDb.class.php 第 100 行.

[ 2017-07-27T20:24:24+08:00 ] 0.0.0.0 /think/index.php/Login?code=061K3kvt0PGYfb1tPatt0zIrvt0K3kvn
INFO: [ route_check ] --START--
INFO: CheckRoute Behavior ::run [ RunTime:0.001309s ]
INFO: [ route_check ] --END-- [ RunTime:0.001529s ]
NOTIC: [8192] preg_replace(): The /e modifier is deprecated, use preg_replace_callback instead C:\wamp64\www\think\think_php\Lib\Core\Dispatcher.class.php 第 132 行.
INFO: [ app_begin ] --START--
INFO: ReadHtmlCache Behavior ::run [ RunTime:0.000780s ]
INFO: [ app_begin ] --END-- [ RunTime:0.000897s ]
NOTIC: [8192] mysql_connect(): The mysql extension is deprecated and will be removed in the future: use mysqli or PDO instead C:\wamp64\www\think\think_php\Extend\Driver\Session\SessionDb.class.php 第 100 行.

[ 2017-07-27T20:24:58+08:00 ] 0.0.0.0 /think/index.php/Login?code=071qCjkN0P8it52RO8kN0E7ekN0qCjkY
INFO: [ route_check ] --START--
INFO: CheckRoute Behavior ::run [ RunTime:0.007172s ]
INFO: [ route_check ] --END-- [ RunTime:0.007423s ]
NOTIC: [8192] preg_replace(): The /e modifier is deprecated, use preg_replace_callback instead C:\wamp64\www\think\think_php\Lib\Core\Dispatcher.class.php 第 132 行.
INFO: [ app_begin ] --START--
INFO: ReadHtmlCache Behavior ::run [ RunTime:0.000892s ]
INFO: [ app_begin ] --END-- [ RunTime:0.001057s ]
NOTIC: [8192] mysql_connect(): The mysql extension is deprecated and will be removed in the future: use mysqli or PDO instead C:\wamp64\www\think\think_php\Extend\Driver\Session\SessionDb.class.php 第 100 行.

[ 2017-07-27T20:25:45+08:00 ] 0.0.0.0 /think/index.php/Login?code=021iiqdb16wups0O0Qdb1EtKdb1iiqd8
INFO: [ route_check ] --START--
INFO: CheckRoute Behavior ::run [ RunTime:0.001400s ]
INFO: [ route_check ] --END-- [ RunTime:0.001870s ]
NOTIC: [8192] preg_replace(): The /e modifier is deprecated, use preg_replace_callback instead C:\wamp64\www\think\think_php\Lib\Core\Dispatcher.class.php 第 132 行.
INFO: [ app_begin ] --START--
INFO: ReadHtmlCache Behavior ::run [ RunTime:0.002158s ]
INFO: [ app_begin ] --END-- [ RunTime:0.002436s ]
NOTIC: [8192] mysql_connect(): The mysql extension is deprecated and will be removed in the future: use mysqli or PDO instead C:\wamp64\www\think\think_php\Extend\Driver\Session\SessionDb.class.php 第 100 行.

[ 2017-07-27T20:26:54+08:00 ] 0.0.0.0 /think/index.php/Login?code=061sy8Ni1Ddoqy0gJBOi1fOeNi1sy8Nb
INFO: [ route_check ] --START--
INFO: CheckRoute Behavior ::run [ RunTime:0.002132s ]
INFO: [ route_check ] --END-- [ RunTime:0.002409s ]
NOTIC: [8192] preg_replace(): The /e modifier is deprecated, use preg_replace_callback instead C:\wamp64\www\think\think_php\Lib\Core\Dispatcher.class.php 第 132 行.
INFO: [ app_begin ] --START--
INFO: ReadHtmlCache Behavior ::run [ RunTime:0.001380s ]
INFO: [ app_begin ] --END-- [ RunTime:0.001621s ]
NOTIC: [8192] mysql_connect(): The mysql extension is deprecated and will be removed in the future: use mysqli or PDO instead C:\wamp64\www\think\think_php\Extend\Driver\Session\SessionDb.class.php 第 100 行.

[ 2017-07-27T20:27:41+08:00 ] 0.0.0.0 /think/index.php/Login?code=031aw3Un0Qf5Oo1nzaSn0EiYTn0aw3UY
INFO: [ route_check ] --START--
INFO: CheckRoute Behavior ::run [ RunTime:0.000851s ]
INFO: [ route_check ] --END-- [ RunTime:0.001053s ]
NOTIC: [8192] preg_replace(): The /e modifier is deprecated, use preg_replace_callback instead C:\wamp64\www\think\think_php\Lib\Core\Dispatcher.class.php 第 132 行.
INFO: [ app_begin ] --START--
INFO: ReadHtmlCache Behavior ::run [ RunTime:0.001477s ]
INFO: [ app_begin ] --END-- [ RunTime:0.001734s ]
NOTIC: [8192] mysql_connect(): The mysql extension is deprecated and will be removed in the future: use mysqli or PDO instead C:\wamp64\www\think\think_php\Extend\Driver\Session\SessionDb.class.php 第 100 行.

